8 25 N
18 16 N
42 5 N
84 9 N
47 34 N
50 80 N
0 10 N
58 28 N
69 33 N
56 58 N
52 55 N
41 39 N
99 81 N
71 4 N
6 33 N
74 36 N
43 4 N
77 54 N
78 2 N
12 11 N
63 2 N
75 41 N
73 50 Y
9 56 N
8 19 N
59 81 N
68 83 N
59 60 Y
32 70 N
62 28 N
62 75 Y
33 76 Y
37 45 Y
86 83 N
14 35 N
69 40 N
47 72 N
10 79 N
15 10 N
3 42 N
86 14 N
60 80 N
21 31 N
68 84 N
48 94 N
8 57 N
36 64 N
64 83 N
20 81 N
28 6 N
25 13 N
12 6 N
81 70 N
52 73 N
13 84 N
82 39 Y
1 56 N
45 39 N
3 17 N
39 48 N
76 98 N
82 1 Y
24 72 N
31 78 Y
56 32 N
74 87 N
30 2 N
52 31 N
4 11 N
8 33 N
39 95 N
31 72 N
70 61 Y
61 24 N
97 78 Y
14 3 N
84 73 N
62 67 Y
30 95 N
26 15 N
9 20 N
59 1 N
81 27 N
69 43 N
16 29 N
70 11 Y
23 79 Y
25 10 N
42 49 N
90 57 N
45 95 N
80 73 N
37 51 N
37 68 N
62 11 N
4 99 N
66 45 N
68 0 N
83 47 N
28 81 N
27 80 N
24 33 N
6 93 N
45 82 N
72 51 N
99 61 N
40 75 Y
99 26 N
76 43 N
32 59 N
70 78 N
59 28 N
71 90 N
42 54 N
43 57 N
19 64 N
24 26 N
22 59 N
51 3 N
41 73 N
56 60 N
13 32 N
93 81 N
59 77 Y
60 43 N
69 60 N
57 66 N
52 35 N
40 71 N
88 77 Y
3 27 N
84 55 Y
9 1 Y
29 44 Y
50 81 N
99 31 N
53 95 Y
35 57 N
62 92 N
78 75 N
77 39 N
53 75 N
86 52 Y
97 24 N
60 18 N
81 39 N
81 44 N
51 64 N
6 78 N
0 67 N
46 73 Y
10 16 N
9 65 N
56 99 N
72 19 N
60 75 N
21 19 N
17 39 N
75 36 N
19 45 N
12 61 N
39 93 N
93 24 Y
37 54 N
40 19 N
81 38 N
71 10 Y
50 40 Y
56 2 N
9 29 Y
5 93 N
48 31 N
62 77 N
54 77 N
30 7 N
55 79 N
8 31 Y
27 12 N
7 69 N
72 27 N
79 47 N
56 90 N
38 3 N
21 67 N
24 27 N
34 61 N
12 37 Y
12 64 N
22 76 N
57 47 Y
31 90 N
91 80 Y
41 45 Y
5 93 N
49 90 N
25 26 N
56 99 N
10 4 N
86 14 N
88 26 Y
85 94 N
77 3 Y
61 34 N
7 41 Y
58 75 N
16 38 N
75 47 N
14 28 Y
30 0 N
9 74 N
66 34 N
40 71 N
47 5 N
27 92 Y
82 3 N
53 17 N
67 0 N
77 78 N
34 18 N
26 39 N
82 45 N
81 65 Y
67 37 N
92 61 N
16 15 N
35 10 N
59 95 N
2 6 Y
69 52 N
29 48 N
69 18 N
57 22 N
79 68 N
48 72 N
30 2 N
16 82 N
43 12 N
87 88 Y
29 72 N
67 28 N
70 66 N
55 60 Y
56 76 N
32 45 N
83 48 N
55 51 N
57 81 N
95 45 N
96 4 N
35 43 N
62 31 N
95 65 N
75 74 N
56 9 N
51 12 N
15 22 N
86 19 Y
73 40 Y
78 83 N
3 78 N
53 25 N
34 27 N
68 81 N
62 85 N
57 61 N
95 36 N
48 98 Y
79 49 N
55 66 N
85 16 N
70 41 N
39 18 N
32 85 N
52 56 N
94 24 Y
56 8 Y
57 21 N
43 76 N
69 29 N
77 93 N
57 12 N
91 94 N
9 41 N
73 99 Y
14 12 N
53 5 N
40 32 N
54 65 N
73 92 N
46 84 N
45 99 N
45 67 N
69 67 N
15 72 N
80 17 N
89 27 N
67 59 N
2 10 Y
20 24 N
88 55 Y
12 47 N
96 39 N
18 62 N
72 52 N
17 22 N
86 18 Y
44 45 N
49 93 N
19 36 N
48 86 Y
45 97 N
29 13 N
81 97 N
42 31 N
61 91 N
40 38 Y
45 14 N
84 55 Y
92 84 N
27 64 N
90 64 Y
51 69 N
55 38 N
78 50 N
95 57 N
78 89 N
99 42 N
87 2 N
51 43 N
4 73 N
67 12 N
24 73 N
39 58 N
69 46 N
22 26 N
61 76 N
89 79 N
66 42 N
75 69 N
16 90 N
55 96 N
34 61 N
71 15 N
7 32 N
91 84 N
12 77 N
66 21 N
96 79 N
39 83 N
37 86 N
85 36 Y
94 33 N
70 29 N
31 61 N
84 81 N
32 36 N
75 33 Y
13 48 Y
99 70 N
47 80 N
41 57 N
51 85 N
5 89 N
85 95 N
78 24 N
5 4 Y
93 83 N
79 0 N
97 95 N
5 58 N
77 22 N
71 53 N
22 30 N
35 22 N
80 9 N
87 63 N
86 2 N
78 95 N
44 93 N
56 89 N
53 39 N
46 99 Y
92 76 N
34 2 N
61 56 N
38 95 N
41 21 Y
69 64 N
53 62 N
44 39 Y
34 88 N
58 97 N
78 33 N
4 95 N
56 60 N
43 83 N
83 4 N
80 88 N
36 6 N
47 5 N
25 91 N
50 83 N
21 89 Y
47 54 N
75 95 N
98 84 N
11 58 N
1 60 N
55 2 N
59 68 N
91 48 N
68 85 N
44 38 Y
86 47 N
7 46 N
91 33 N
36 26 N
89 34 N
92 85 N
36 24 N
10 47 Y
58 41 Y
58 49 N
3 16 N
10 7 N
8 3 N
71 73 N
53 34 Y
31 34 N
30 16 N
59 49 N
89 25 N
48 73 N
80 83 N
74 29 N
47 4 N
79 91 N
62 11 N
90 38 Y
8 33 N
53 34 Y
58 15 N
42 60 N
52 84 N
71 23 N
98 39 N
41 31 N
4 15 N
38 83 N
58 45 Y
35 16 N
73 31 N
92 41 N
3 13 N
44 10 N
93 25 N
53 52 N
38 9 Y
41 23 N
68 9 N
78 75 N
80 87 N
25 19 N
94 50 N
46 85 N
99 9 Y
30 77 N
26 53 N
69 27 Y
83 45 N
36 46 N
96 92 N
24 75 N
15 3 N
50 91 N
28 82 N
18 60 N
92 9 N
6 89 N
67 42 N
59 75 N
78 69 N
41 8 N
21 62 N
20 87 N
11 18 N
50 98 N
48 93 N
92 35 N
6 2 Y
54 14 N
29 74 N
8 61 N
3 99 N
69 27 Y
84 93 N
37 3 N
75 43 N
60 94 N
64 29 Y
60 53 N
1 77 N
34 94 Y
64 98 N
47 53 N
31 95 N
22 32 N
85 2 N
9 45 N
24 8 N
96 33 N
84 3 Y
57 78 N
58 33 N
3 25 N
3 55 Y
65 75 N
61 16 N
39 90 Y
67 99 Y
71 76 N
7 86 N
87 20 N
23 1 Y
0 54 N
65 3 N
92 90 N
31 47 N
73 37 N
16 80 N
79 37 N
25 76 Y
41 93 N
63 32 N
34 45 N
23 51 N
90 92 N
52 72 N
30 1 N
68 5 N
74 2 N
9 47 N
8 36 N
89 19 N
68 18 N
95 34 Y
72 89 Y
66 18 N
42 12 Y
19 33 N
66 9 N
28 24 Y
65 40 N
89 6 N
32 61 N
25 70 N
74 99 N
82 57 N
4 64 N
99 60 N
49 27 N
4 79 N
70 52 N
20 86 N
7 55 N
78 93 N
42 43 N
99 60 N
2 26 N
10 70 N
70 48 N
54 22 N
69 40 N
38 51 N
13 80 N
46 65 N
80 27 N
52 59 N
80 25 N
79 21 N
22 51 N
48 34 N
56 21 N
92 19 N
37 13 N
73 81 N
98 27 N
8 59 N
65 36 Y
64 72 N
24 54 N
95 45 N
22 89 N
33 28 N
21 7 Y
67 18 N
74 99 N
48 96 N
43 55 N
68 11 N
56 28 N
48 26 N
72 43 N
56 72 N
98 47 N
22 56 Y
98 42 N
28 42 N
69 81 N
89 36 Y
86 37 N
60 3 Y
8 67 N
23 27 N
20 79 N
11 37 N
2 91 N
98 94 N
62 8 N
59 85 N
93 29 N
60 90 N
4 95 N
71 57 Y
3 78 N
58 19 N
11 86 N
49 56 Y
14 46 N
31 99 N
12 56 N
21 86 N
48 58 N
55 31 N
97 27 N
97 65 N
60 80 N
32 99 N
68 28 Y
45 20 N
61 37 N
79 5 N
44 23 Y
64 93 N
62 17 N
89 40 N
45 53 N
52 46 N
2 72 N
5 81 N
6 40 N
19 26 N
44 31 N
89 46 N
60 83 Y
15 31 N
71 56 N
82 42 N
66 6 N
85 11 N
33 29 Y
55 28 N
2 61 N
71 76 N
6 40 N
53 32 Y
33 73 Y
91 37 Y
40 78 N
85 11 N
19 8 N
2 65 N
58 4 N
83 94 N
28 91 N
50 39 Y
17 34 N
25 4 N
87 13 N
4 7 N
78 84 N
34 79 N
16 30 N
46 90 Y
90 74 N
17 39 N
2 15 N
35 61 N
62 76 Y
49 24 N
92 2 Y
45 6 N
37 1 N
79 4 N
62 24 N
64 69 N
79 7 N
82 51 N
74 55 N
6 4 N
77 42 N
80 61 N
11 16 N
85 13 N
95 77 N
38 79 Y
57 44 N
28 57 N
26 9 N
53 28 Y
65 36 Y
46 45 N
0 59 N
50 68 N
67 48 N
71 64 N
53 77 N
75 18 N
52 34 N
38 88 N
75 64 Y
38 21 N
31 67 N
28 73 N
14 39 N
18 66 N
8 85 N
88 26 Y
22 13 N
1 62 Y
50 64 Y
3 85 N
43 26 N
60 26 Y
93 83 N
44 83 N
92 51 N
14 22 N
48 77 N
44 56 N
74 12 N
92 33 N
98 32 N
14 63 N
84 71 N
94 85 N
76 87 N
31 88 N
58 66 N
66 6 N
88 12 N
61 21 N
29 57 N
34 45 N
1 43 N
90 60 N
13 18 Y
17 19 N
45 93 N
61 7 N
31 36 N
11 10 N
33 78 N
11 98 N
85 42 Y
48 76 N
8 89 N
0 42 Y
83 97 N
58 88 N
87 53 N
53 17 N
93 73 N
19 52 Y
15 57 N
70 50 N
36 75 N
8 62 N
1 30 N
93 87 N
30 13 Y
36 56 N
86 81 N
31 9 N
62 26 N
23 47 N
49 67 N
14 46 N
62 82 Y
74 72 N
16 10 N
33 71 N
47 7 N
94 65 N
91 87 N
40 57 N
40 47 N
62 51 N
91 74 N
75 89 N
29 65 N
76 91 N
75 22 N
23 14 N
13 85 N
34 1 N
25 0 N
49 71 N
9 18 N
84 69 N
41 27 N
9 96 N
49 83 N
37 43 N
65 18 N
85 76 N
83 84 Y
77 13 N
87 26 Y
22 15 N
24 1 N
68 39 N
2 98 N
69 62 N
94 27 N
89 65 Y
42 59 N
49 14 N
82 78 N
58 37 Y
58 47 N
16 2 N
30 94 N
73 35 N
73 32 N
35 23 N
85 42 Y
62 0 N
19 12 N
52 16 N
98 82 N
83 47 N
26 67 N
71 9 N
13 6 N
96 56 N
0 87 N
56 45 N
21 18 N
58 10 N
22 7 N
86 40 N
98 33 N
77 5 N
59 61 Y
10 45 N
29 37 N
40 37 N
8 16 Y
53 25 N
57 72 N
31 81 N
26 41 N
29 55 N
1 75 Y
9 23 Y
20 28 N
61 29 N
92 79 N
49 75 N
18 74 N
60 81 N
39 54 N
83 22 N
74 24 Y
76 35 N
38 58 N
43 84 N
64 3 N
72 74 N
51 30 N
42 10 N
24 32 Y
41 5 N
72 77 N
48 9 N
39 23 Y
94 10 N
97 38 N
24 93 Y
32 20 N
62 72 N
78 8 Y
16 60 N
20 85 N
10 79 N
34 31 N
99 29 Y
2 3 N
27 96 N
71 86 N
0 83 N
13 50 N
76 77 N
58 68 N
91 2 N
80 38 N
56 61 N
58 29 N
66 47 N
65 99 N
43 55 N
81 17 N
43 41 N
36 72 Y
17 93 N
29 50 Y
83 9 N
24 79 N
65 20 N
80 96 Y
98 78 N
84 3 Y
10 42 N
64 95 N
63 5 N
95 85 N
72 48 N
69 36 N
3 1 N
23 30 N
13 90 N
80 10 N
22 89 N
46 52 N
69 5 N
44 95 N
5 73 N
5 9 N
98 83 N
96 94 N
87 89 N
90 30 N
8 60 N
38 84 N
71 69 Y
33 99 Y
1 68 N
87 49 N
42 30 N
40 65 N
50 49 N
0 59 N
5 28 N
53 96 N
93 10 N
50 72 N
94 92 N
27 33 N
60 2 N
84 72 N
25 22 N
79 71 N
38 91 N
57 46 N
19 71 N
39 56 N
38 52 N
58 61 N
80 60 N
37 77 N
67 60 N
75 54 N
12 1 N
42 79 N
39 0 N
16 3 N
49 84 N
76 99 Y
71 20 N
72 55 N
44 63 N
63 56 N
29 46 Y
37 44 N
63 54 N
80 20 N
64 37 N
32 14 Y
52 18 Y
35 42 Y
98 72 N
33 40 Y
83 59 Y
13 37 N
50 62 Y
24 36 N
29 28 N
74 51 Y
94 51 Y
62 31 N
74 8 N
10 17 Y
34 10 N
16 2 N
93 41 N
72 4 N
53 14 Y
10 91 N
80 3 N
68 16 N
57 81 N
62 46 Y
20 24 N
82 14 N
44 35 N
64 25 Y
56 88 N
88 33 N
0 84 N
20 80 N
31 7 N
37 23 N
9 67 Y
78 89 N
39 74 N
59 66 N
80 90 N
91 16 N
89 7 Y
83 45 N
4 55 N
7 67 N
98 64 N
2 51 N
62 17 N
13 56 N
27 19 N
49 12 N
95 42 N
42 91 Y
57 56 N
94 87 N
20 75 N
73 66 N
13 79 N
74 85 N
77 86 N
66 32 N
8 87 N
65 89 Y
57 64 N
19 41 N
84 46 N
23 9 Y
27 70 N
32 15 Y
25 36 N
8 3 N
49 16 Y
36 17 N
91 48 N
2 82 N
22 77 N
20 39 N
42 20 N
67 87 N
73 57 N
63 2 N
30 68 N
15 80 N
46 1 Y
92 98 N
46 16 N
68 15 Y
37 29 N
0 24 N
68 30 N
47 71 Y
42 45 Y
36 72 Y
23 48 N
83 82 N
56 0 N
43 39 N
45 18 N
64 43 N
52 63 N
73 40 Y
8 95 N
40 80 N
58 61 N
46 48 N
73 90 Y
68 41 N
46 90 Y
49 20 Y
59 1 N
78 86 N
28 26 N
96 17 N
38 13 N
33 81 N
42 5 N
73 93 N
61 33 N
27 35 N
36 57 N
38 70 N
56 37 N
99 89 N
92 6 Y
53 77 N
11 80 N
2 74 N
90 70 N
32 83 N
15 91 N
47 51 N
87 98 N
56 80 N
35 40 N
93 60 N
54 65 N
13 3 N
40 58 N
39 51 N
40 78 N
52 27 N
13 12 N
41 25 N
6 37 N
83 84 Y
53 57 N
40 41 N
23 51 N
67 95 N
93 77 N
99 35 N
33 75 Y
10 46 N
31 89 N
14 60 N
40 26 N
39 53 N
20 79 N
94 39 N
89 16 N
42 80 Y
54 51 N
53 10 N
93 84 N
87 35 N
83 18 N
62 75 Y
25 59 N
13 22 N
6 67 N
83 27 N
19 38 N
70 90 N
5 69 N
20 39 N
54 36 N
92 63 N
42 68 N
50 78 N
28 16 N
36 13 N
20 72 N
58 76 N
35 93 N
8 32 N
5 63 N
47 40 N
20 76 N
42 81 Y
4 62 N
50 39 Y
6 99 N
97 11 N
71 53 N
36 98 N
19 84 N
20 59 N
44 71 N
32 39 N
29 26 N
30 23 N
37 77 N
29 83 N
38 44 Y
12 69 N
22 0 N
38 84 N
38 64 Y
53 41 N
68 21 N
9 85 N
90 71 N
1 35 N
31 53 N
0 34 N
67 77 N
51 59 N
43 41 N
70 29 N
53 71 N
93 2 N
27 99 N
22 15 N
79 38 Y
7 82 N
64 28 N
21 48 N
73 41 N
37 15 N
78 79 N
51 64 N
21 69 N
46 9 Y
43 51 N
18 53 N
82 77 N
41 14 N
50 92 N
78 39 N
73 25 Y
40 31 N
34 24 Y
32 22 N
2 74 N
68 87 N
82 97 N
47 50 N
15 56 N
30 78 N
44 25 Y
86 17 N
12 90 N
82 2 N
65 51 N
68 83 N
97 48 N
94 68 Y
9 56 N
54 41 N
87 40 N
76 20 N
66 2 N
17 91 N
39 14 N
27 22 N
89 49 N
32 92 N
14 71 N
18 12 N
45 28 N
95 14 Y
11 33 N
27 9 N
58 19 N
20 21 N
74 33 N
11 65 N
58 9 N
31 6 N
7 11 N
29 88 N
52 99 N
82 30 N
96 73 N
8 96 N
68 60 N
37 34 N
96 88 N
89 38 N
49 51 N
60 84 Y
18 64 N
97 1 N
90 9 Y
81 47 N
60 51 N
33 37 N
21 74 N
2 62 N
21 55 N
28 3 N
92 88 N
49 71 N
83 82 N
24 4 N
15 65 N
79 75 Y
60 89 N
75 16 N
41 75 N
30 43 Y
78 69 N
89 13 N
81 4 N
65 79 N
11 45 N
98 33 N
12 79 N
87 39 N
94 77 N
9 96 N
14 90 N
83 74 N
77 68 N
65 79 N
4 78 Y
48 88 N
28 29 N
72 62 N
51 29 N
52 34 N
9 18 N
9 55 N
72 44 N
46 15 N
34 9 N
48 89 N
24 48 N
30 20 N
27 60 N
22 78 Y
99 8 N
65 43 N
54 20 N
24 47 N
72 21 Y
18 57 N
66 30 N
78 35 N
25 97 N
80 20 N
28 65 N
82 5 N
53 19 N
4 82 N
71 13 N
57 15 N
92 20 N
71 31 N
27 22 N
43 93 N
28 64 N
26 50 N
96 40 N
29 3 N
5 89 N
9 42 N
10 63 N
64 50 Y
92 51 N
66 69 N
65 42 Y
64 79 Y
30 81 N
48 74 N
12 36 Y
45 88 N
61 5 N
43 54 Y
29 66 N
65 48 N
12 21 Y
4 81 N
13 64 N
4 20 Y
87 5 N
59 92 N
80 53 N
15 52 N
45 85 Y
91 80 Y
66 99 N
69 96 N
46 80 N
19 28 N
25 67 Y
88 73 N
46 63 N
17 47 Y
36 38 N
74 55 N
37 84 N
55 40 N
60 10 N
84 48 N
37 87 N
85 49 N
6 47 Y
26 11 Y
96 11 N
48 69 N
37 88 N
97 77 N
35 59 N
21 17 N
35 97 N
90 5 N
50 30 N
36 6 N
95 2 N
77 93 N
51 22 N
58 62 N
74 40 N
21 13 N
91 38 N
55 99 N
4 36 N
23 79 Y
91 49 N
38 11 N
36 70 N
81 15 N
35 21 Y
22 1 N
69 10 Y
13 69 N
95 89 N
97 39 N
46 63 N
7 43 N
33 63 N
51 90 N
3 69 N
35 72 Y
23 24 N
4 18 N
92 55 N
33 86 N
73 96 N
13 73 N
74 87 N
59 17 N
82 25 Y
20 82 N
78 93 N
86 68 N
54 95 N
37 71 N
84 17 N
42 80 Y
25 14 N
77 29 N
99 0 N
67 13 N
70 68 N
30 69 N
52 40 N
42 22 N
20 22 Y
0 92 N
29 53 N
67 24 N
50 44 Y
87 73 N
74 98 N
53 60 N
2 81 N
85 70 N
83 68 N
27 29 N
16 23 N
86 28 N
35 42 Y
18 0 N
83 49 N
96 48 N
10 41 N
44 74 N
65 84 N
80 50 N
35 20 N
78 50 N
71 74 N
21 94 N
4 2 N
82 92 N
25 89 N
30 51 N
31 54 N
21 35 Y
37 25 N
70 2 N
37 7 Y
58 24 N
17 9 N
17 38 N
69 25 N
92 48 N
82 46 Y
44 86 N
15 23 N
37 78 N
5 71 N
5 26 N
12 37 Y
71 81 N
47 11 N
58 23 N
15 72 N
73 49 N
51 70 N
89 85 Y
67 73 Y
48 96 N
44 27 N
73 34 N
84 77 Y
96 13 N
90 80 N
23 90 Y
81 98 N
4 84 N
40 14 N
96 67 N
53 32 Y
45 33 N
29 3 N
41 30 N
81 36 Y
15 44 N
55 0 N
41 37 Y
63 84 N
49 71 N
58 32 N
64 37 N
94 84 N
95 17 N
59 1 N
2 37 N
86 13 Y
50 56 N
76 73 Y
84 9 N
48 35 N
22 90 N
59 91 N
58 11 N
28 94 Y
1 8 N
62 92 N
25 39 Y
42 46 N
27 37 N
97 28 N
41 95 N
21 31 N
68 93 Y
56 57 N
69 1 N
53 96 N
72 82 N
39 8 N
29 40 Y
2 21 N
89 49 N
12 64 N
47 41 N
79 87 N
52 43 Y
37 80 Y
79 88 N
51 30 N
34 73 N
88 81 N
11 38 N
65 50 N
43 97 N
71 49 N
84 95 N
53 51 Y
78 51 N
9 45 N
56 21 N
35 68 N
18 17 N
94 85 N
92 98 N
98 53 N
91 70 N
73 65 N
84 94 N
0 49 N
28 9 N
35 25 N
42 48 N
97 46 N
16 47 N
82 39 Y
14 92 N
13 96 N
0 55 N
65 27 N
14 93 Y
32 26 N
28 60 N
77 59 Y
94 88 N
94 25 N
11 90 N
97 52 N
17 70 N
1 16 N
48 65 N
76 33 Y
52 38 N
92 94 N
48 57 N
80 27 N
6 62 N
33 49 N
53 45 N
75 39 Y
60 8 N
97 12 N
34 83 N
11 9 N
37 17 N
85 31 N
86 94 N
57 50 N
28 17 N
93 39 N
21 69 N
91 61 N
49 16 Y
78 59 N
69 46 N
89 21 Y
24 94 Y
74 8 N
52 24 N
98 90 N
46 72 N
77 99 N
50 25 Y
63 50 N
25 16 N
12 93 N
21 96 Y
34 25 N
28 4 N
11 6 N
25 0 N
98 39 N
31 85 N
82 1 Y
94 33 N
45 30 N
16 43 N
79 3 N
64 38 Y
34 50 N
95 71 N
56 67 N
78 63 N
64 15 N
18 73 N
7 79 N
87 49 N
76 24 N
51 8 N
86 91 N
27 26 N
74 69 N
5 33 N
93 23 N
63 18 N
80 39 N
4 16 Y
67 97 N
68 66 N
42 44 N
1 94 N
60 88 Y
60 3 Y
97 63 N
52 13 Y
14 61 N
17 77 N
74 58 N
20 91 N
25 42 N
92 14 N
75 63 N
6 96 N
47 34 N
44 99 Y
24 87 N
96 65 Y
26 78 N
37 18 N
65 51 N
77 6 N
61 95 N
3 81 N
15 63 N
55 64 N
64 22 N
64 76 Y
63 43 N
35 44 N
24 81 N
35 26 N
74 92 N
43 35 N
5 35 N
48 87 N
44 19 N
55 99 N
30 20 N
34 87 N
55 83 Y
62 98 N
55 33 N
97 96 N
63 1 N
47 34 N
44 87 N
0 34 N
52 51 N
90 68 N
91 34 N
73 50 Y
27 12 N
26 77 Y
93 75 N
48 90 N
21 15 N
90 25 Y
11 96 N
56 58 N
8 88 N
50 80 N
43 73 N
76 96 N
62 10 N
7 29 N
4 89 N
38 1 Y
5 89 N
46 92 N
19 6 N
51 7 N
37 99 N
89 3 N
2 63 N
32 30 N
59 32 N
36 21 Y
90 22 N
75 91 N
98 67 N
66 81 N
78 5 Y
51 19 N
8 10 N
26 67 N
91 3 N
29 13 N
32 18 N
36 80 Y
72 70 N
69 99 N
80 72 Y
57 8 N
29 20 N
22 60 N
97 69 N
11 22 N
85 75 N
69 5 N
90 19 N
58 98 N
66 7 N
41 26 N
14 95 Y
57 70 N
90 92 N
43 64 N
21 56 N
80 32 N
57 22 N
75 41 N
62 55 N
38 61 N
66 24 N
0 49 N
50 6 N
12 97 N
89 17 N
68 16 N
29 3 N
23 67 Y
56 48 N
20 92 N
31 96 N
10 98 N
79 7 N
73 77 N
88 86 N
74 94 Y
83 69 N
98 0 N
22 76 N
6 90 N
86 4 N
79 35 N
64 97 N
81 57 N
72 71 N
22 95 N
73 65 N
99 45 N
13 65 N
99 76 Y
12 69 N
18 75 N
89 48 N
60 10 N
35 12 Y
25 90 Y
0 59 N
42 87 N
96 20 N
83 61 Y
65 57 N
87 92 N
69 44 N
99 55 N
86 37 N
29 3 N
13 45 N
70 52 N
66 7 N
99 97 N
61 22 N
87 58 N
52 99 N
36 3 N
75 18 N
13 70 N
13 69 N
80 23 N
7 38 N
43 85 N
39 79 Y
22 13 N
13 86 Y
82 0 N
5 55 N
33 19 N
54 10 N
43 73 N
0 4 N
1 34 N
41 54 N
39 71 N
43 23 N
95 83 N
80 28 N
4 69 N
40 84 N
20 45 N
1 27 N
44 0 N
19 16 N
6 99 N
63 90 N
30 74 N
87 21 N
89 63 Y
85 95 N
67 28 N
71 65 N
98 60 N
56 8 Y
73 99 Y
55 64 N
59 44 N
4 95 N
53 31 N
15 18 N
89 60 N
67 20 N
29 82 Y
82 6 N
73 67 Y
66 15 N
85 48 N
83 14 N
25 39 Y
89 26 N
50 59 N
53 25 N
30 28 N
77 35 N
21 96 Y
18 90 N
35 5 N
24 56 N
30 5 N
16 88 N
83 33 N
76 60 N
35 2 N
52 36 N
70 61 Y
80 52 N
39 40 Y
84 69 N
8 94 N
79 85 N
40 43 N
3 6 N
32 24 Y
46 23 Y
66 23 N
5 59 N
15 67 N
4 9 N
17 52 N
6 33 N
69 62 N
28 14 Y
57 59 N
81 43 N
51 5 N
92 3 N
64 80 N
52 71 N
6 4 N
1 4 N
27 29 N
26 12 N
49 94 N
38 25 Y
83 97 N
63 18 N
92 18 N
80 50 N
97 82 N
41 47 N
74 47 N
74 50 N
72 61 N
90 11 N
54 35 N
13 92 N
27 71 Y
99 68 N
9 2 N
91 68 N
54 35 N
56 20 Y
49 90 N
46 43 N
28 79 N
47 28 N
78 43 N
30 21 N
58 80 Y
84 4 N
86 71 N
85 31 N
43 93 N
75 19 N
86 27 N
27 87 N
81 1 N
10 22 N
92 14 N
80 61 N
32 80 N
69 64 N
33 88 N
48 53 N
16 74 N
96 77 N
36 59 N
20 32 N
98 43 Y
41 8 N
7 58 Y
89 70 N
45 56 N
89 52 N
30 75 N
18 90 N
14 26 N
41 96 Y
27 67 N
23 85 N
53 98 N
3 46 N
27 26 N
29 51 N
64 79 Y
31 29 N
75 13 N
50 29 Y
44 22 N
91 94 N
4 40 N
79 82 Y
81 91 Y
49 76 N
3 62 N
1 49 N
14 44 N
86 11 N
79 97 N
83 17 N
58 68 N
23 6 N
99 45 N
35 27 N
61 43 N
99 69 N
36 96 Y
48 87 N
11 44 N
33 10 N
49 18 N
40 27 N
61 12 N
14 8 N
18 21 N
74 40 N
87 9 N
1 65 N
69 90 N
77 38 N
13 97 N
22 51 N
5 95 N
29 13 N
40 80 N
15 81 N
74 61 N
29 95 N
80 48 N
66 77 N
15 29 N
52 39 N
63 18 N
46 83 N
42 77 N
87 18 N
57 96 N
15 70 N
84 35 N
34 23 N
69 15 N
57 70 N
28 84 N
40 61 N
16 50 N
92 61 N
35 72 Y
45 92 N
99 73 Y
93 2 N
57 63 N
24 29 N
68 98 N
17 8 N
64 99 Y
83 93 N
86 91 N
36 22 N
21 33 N
35 82 N
7 74 N
91 60 N
97 83 N
70 18 N
83 44 N
3 15 N
33 35 N
16 57 N
27 76 N
36 33 N
73 75 Y
93 5 N
62 55 N
4 29 N
35 42 Y
62 57 N
33 29 Y
93 81 N
0 7 Y
15 0 N
54 58 N
96 63 Y
90 16 N
53 97 N
40 43 N
68 71 N
0 67 N
74 3 N
80 62 N
87 84 Y
5 2 N
45 41 Y
47 11 N
33 13 N
78 21 N
93 19 N
27 46 N
59 24 N
90 12 N
74 1 N
36 27 N
91 14 N
23 69 N
2 83 N
73 49 N
21 33 N
64 0 N
98 16 N
34 19 N
58 78 N
82 44 Y
23 6 N
67 7 N
87 76 N
14 67 N
59 54 N
82 3 N
53 30 N
26 81 N
52 99 N
1 54 N
71 99 N
88 57 N
36 43 N
35 83 N
26 25 N
63 88 N
26 13 N
45 36 Y
54 22 N
15 30 N
5 21 N
58 37 Y
50 95 N
8 22 Y
51 20 N
84 62 N
34 85 N
14 59 N
35 21 Y
37 60 N
13 18 Y
78 57 N
56 40 N
10 8 N
29 1 Y
9 76 Y
90 14 N
9 28 N
26 77 Y
67 39 Y
20 50 N
37 23 N
3 10 N
3 12 N
69 36 N
26 51 N
53 48 N
72 34 N
4 82 N
71 29 N
23 92 N
58 51 N
98 11 N
54 53 N
61 17 N
61 74 N
18 74 N
96 86 N
53 70 N
38 12 N
12 68 N
71 75 N
75 35 N
11 28 N
22 24 N
82 72 N
53 10 N
6 61 N
27 14 N
73 80 N
10 29 N
81 2 N
76 13 N
41 74 N
97 49 Y
14 56 N
31 68 N
71 10 Y
76 20 N
5 70 N
80 12 Y
98 82 N
38 31 N
49 46 N
61 34 N
90 2 N
74 2 N
12 84 N
17 34 N
3 23 N
73 5 N
5 84 N
61 13 N
6 63 N
13 77 N
75 77 N
55 13 N
38 34 N
0 74 N
99 7 N
34 77 N
39 78 N
51 93 Y
63 29 N
91 2 N
52 25 N
85 88 N
78 68 N
53 90 N
25 70 N
92 70 N
70 91 N
24 2 N
42 44 N
71 39 N
52 33 N
8 44 N
22 76 N
27 94 N
60 52 N
91 47 N
12 49 N
19 32 N
30 2 N
26 48 N
32 13 N
69 73 N
92 8 N
84 32 N
60 42 N
1 33 Y
72 23 N
71 9 N
78 2 N
17 44 N
56 3 N
20 36 N
55 87 Y
40 33 Y
41 67 N
26 29 N
82 45 N
0 64 N
74 83 N
66 14 N
35 57 N
58 56 N
75 93 N
57 35 N
82 40 Y
52 41 N
24 49 N
48 6 N
70 3 Y
11 16 N
71 92 Y
90 87 N
20 30 N
59 14 N
54 96 N
66 6 N
67 2 N
19 99 N
64 8 N
31 16 Y
59 15 N
54 2 N
60 69 N
1 57 N
8 40 N
37 73 N
41 69 N
40 95 N
39 98 N
11 61 Y
33 78 N
61 98 N
89 15 N
76 48 N
10 25 N
39 90 Y
1 78 N
22 73 N
5 0 N
39 56 N
55 68 N
25 17 N
37 19 N
71 17 Y
41 71 N
45 85 Y
58 85 Y
36 97 N
45 62 N
13 20 N
90 13 N
87 65 N
79 58 N
55 63 N
89 8 N
54 41 N
70 46 N
13 29 N
54 11 N
25 79 Y
57 75 N
21 36 Y
10 31 N
25 43 N
67 91 N
29 75 Y
62 76 Y
49 33 N
58 2 N
59 76 N
99 74 N
48 20 N
89 75 N
97 17 N
90 49 N
20 0 N
82 13 N
83 50 N
27 95 N
54 31 N
51 47 N
33 23 Y
70 13 N
74 7 N
48 37 N
76 24 N
52 39 N
1 13 N
59 70 Y
37 55 N
90 62 Y
61 16 N
28 68 Y
48 5 N
43 41 N
58 86 N
51 55 N
94 91 N
74 36 N
69 27 Y
74 97 N
99 72 N
21 94 N
44 45 N
45 88 N
35 6 N
75 47 N
75 6 N
39 34 N
52 37 N
1 15 N
94 92 N
82 72 N
53 38 N
44 0 N
15 67 N
33 52 N
86 48 Y
28 77 N
78 28 N
16 29 N
23 13 N
90 64 Y
94 43 N
96 97 N
89 71 N
14 45 N
1 65 N
75 34 N
53 88 N
59 11 Y
21 26 N
63 60 N
23 36 N
54 76 N
92 84 N
16 59 N
13 72 N
80 58 Y
19 87 N
54 58 N
35 31 N
0 43 N
46 94 N
1 11 N
46 22 N
29 76 Y
0 28 N
55 83 Y
23 80 N
30 89 N
81 89 Y
71 11 N
54 28 N
68 78 N
8 7 N
91 6 N
15 81 N
75 38 Y
81 80 Y
66 95 N
19 86 Y
4 58 N
25 19 N
10 18 N
78 13 N
85 48 N
80 83 N
57 18 N
48 90 N
96 12 Y
66 16 Y
27 33 N
77 61 Y
59 3 Y
23 9 Y
45 33 N
29 85 N
52 43 Y
53 36 N
48 36 N
52 88 N
58 76 N
91 21 Y
17 82 N
46 76 Y
97 43 N
49 34 N
65 29 N
5 24 N
41 91 Y
48 28 N
45 24 N
27 85 N
5 50 N
74 60 N
94 37 N
13 41 N
9 7 N
74 84 N
11 4 N
82 57 N
86 81 N
6 15 N
65 89 Y
14 58 N
76 33 Y
56 49 Y
17 9 N
8 76 N
58 48 N
69 63 N
5 16 Y
58 14 N
29 7 N
53 41 N
65 36 Y
28 34 Y
75 55 N
41 60 N
74 29 N
18 89 N
16 65 N
93 37 N
63 44 N
65 41 Y
64 20 N
75 11 N
62 72 N
30 59 N
89 84 N
38 4 N
40 2 N
96 94 N
80 57 N
33 84 N
47 55 N
81 39 N
1 44 Y
50 46 Y
37 89 Y
19 13 Y
88 97 N
33 88 N
78 53 N
15 66 N
76 15 N
1 23 Y
83 7 N
14 26 N
37 96 Y
44 70 N
0 69 N
18 75 N
19 77 N
51 47 N
22 83 N
71 51 N
77 65 N
42 47 N
41 31 N
35 65 Y
82 36 N
79 49 N
71 34 N
39 93 N
46 49 N
55 20 N
45 85 Y
18 33 N
94 92 N
72 29 N
73 6 N
18 45 N
25 65 N
82 88 N
9 29 Y
13 58 N
80 73 N
9 68 N
74 60 N
12 89 Y
97 53 N
50 23 Y
37 74 N
48 93 N
99 9 Y
4 12 N
53 82 N
24 34 Y
50 89 N
22 64 N
51 79 N
59 42 N
37 27 N
3 23 N
12 53 N
11 44 N
92 64 N
0 84 N
2 65 N
12 95 N
22 43 N
36 49 N
1 54 N
35 17 N
66 59 N
18 68 N
62 79 Y
29 22 N
87 1 N
82 49 N
68 36 N
38 23 Y
76 49 N
4 78 Y
30 53 N
79 6 N
11 86 N
27 79 N
7 12 Y
10 72 N
7 47 N
83 10 N
51 82 N
90 35 N
89 50 N
8 62 N
42 90 N
17 81 N
94 89 N
60 47 N
18 67 N
78 51 N
86 89 N
76 47 N
3 94 N
43 56 N
5 59 N
30 29 N
47 49 N
34 25 N
32 46 N
96 57 N
74 27 N
53 90 N
42 17 N
54 64 N
76 50 Y
33 9 Y
35 64 N
67 30 N
71 53 N
80 85 Y
85 79 N
15 54 N
40 82 Y
51 71 N
77 42 N
39 63 N
33 51 N
51 59 N
72 73 N
49 80 N
8 55 N
50 78 N
78 80 N
40 56 N
20 60 N
97 54 N
52 87 N
52 6 N
30 59 N
66 97 Y
53 26 N
53 2 N
98 58 N
23 48 N
13 16 N
6 11 N
78 29 N
26 4 N
85 2 N
80 22 N
42 76 N
63 56 N
66 54 N
29 92 N
44 47 N
85 40 N
98 37 N
69 62 N
58 24 N
71 74 N
12 69 N
45 96 Y
78 81 N
71 32 N
94 89 N
96 37 Y
44 12 N
72 66 N
9 69 N
86 65 N
20 58 N
86 55 N
98 25 N
1 3 N
93 38 N
73 4 N
14 31 N
95 49 N
81 61 N
42 45 Y
14 27 N
98 86 Y
50 97 N
65 4 N
67 17 N
8 83 N
27 30 N
11 64 N
96 63 Y
43 12 N
68 69 N
15 27 N
77 5 N
63 89 Y
71 18 N
39 70 N
67 7 N
35 41 Y
3 73 N
76 99 Y
16 55 N
70 65 N
13 11 N
1 84 N
51 48 N
60 31 N
9 20 N
71 96 N
42 19 N
50 12 N
79 12 N
59 27 N
34 72 N
7 19 N
88 95 N
4 19 N
20 43 N
96 44 N
38 78 N
43 32 N
73 2 N
29 75 Y
44 20 N
34 97 N
92 21 N
18 55 N
65 54 N
81 61 N
38 11 N
1 29 Y
83 36 N
63 68 N
42 0 Y
46 81 N
58 31 N
78 13 N
71 50 N
76 28 N
61 3 Y
72 75 N
17 50 N
43 82 N
95 48 N
95 67 N
9 23 Y
4 87 N
72 44 N
84 97 N
57 10 Y
62 63 N
84 1 N
49 81 N
54 37 N
98 80 N
46 53 N
8 43 N
58 90 N
84 49 N
18 69 N
1 44 Y
36 23 N
20 18 N
98 27 N
89 30 N
22 64 N
34 82 N
80 20 N
20 6 N
96 48 N
96 54 N
98 6 N
87 68 N
77 36 N
95 56 N
43 85 N
37 33 N
48 99 N
21 58 Y
98 23 N
98 2 N
65 44 N
78 45 N
19 2 N
33 16 N
61 3 Y
88 64 N
75 93 N
81 5 N
28 15 Y
30 46 N
60 49 N
6 94 N
55 39 N
42 81 Y
32 37 N
17 60 N
21 15 N
71 15 N
52 71 N
40 2 N
1 97 N
47 51 N
53 85 N
33 87 N
18 28 N
24 81 N
58 50 N
58 54 N
91 82 N
92 82 N
57 6 Y
5 93 N
1 16 N
92 36 N
79 45 N
35 92 N
54 53 N
14 29 N
60 40 N
22 79 N
25 31 N
46 82 Y
32 42 N
21 65 Y
82 8 N
73 71 N
71 88 N
89 19 N
32 95 Y
48 43 Y
3 72 N
33 66 N
47 82 N
48 55 N
71 34 N
1 33 Y
41 43 N
6 34 N
17 98 N
33 3 N
3 71 N
22 8 Y
8 58 N
55 53 N
8 12 N
87 20 N
75 9 Y
44 42 N
65 41 Y
78 71 N
83 42 N
11 49 N
42 65 Y
67 53 N
56 54 N
56 28 N
50 29 Y
20 98 N
97 24 N
89 10 N
3 72 N
49 30 N
40 79 Y
32 59 N
84 52 N
49 63 N
73 78 N
11 47 N
43 53 N
39 92 N
61 17 N
15 6 N
43 86 Y
40 72 N
4 2 N
76 78 N
78 66 Y
29 21 N
1 41 N
3 67 N
31 35 N
93 84 N
50 13 N
53 74 Y
46 78 N
0 6 N
60 22 N
55 95 N
27 88 N
22 51 N
13 6 N
48 61 N
30 61 N
96 2 N
9 47 N
1 62 Y
93 15 Y
16 50 N
22 85 N
73 96 N
74 47 N
69 96 N
70 16 N
11 56 N
72 61 N
76 3 N
92 97 N
15 11 N
36 81 Y
55 77 Y
45 8 N
5 3 N
76 62 Y
59 20 N
89 78 N
76 81 N
32 71 N
30 80 N
38 27 N
34 71 N
0 99 N
12 68 N
19 15 N
74 14 Y
23 74 N
75 93 N
1 28 N
15 77 N
2 31 N
2 28 N
17 24 N
31 68 N
69 98 N
3 44 N
11 83 Y
86 80 N
66 55 N
43 56 N
58 20 N
22 60 N
40 3 N
41 28 N
81 57 N
90 36 N
58 85 Y
88 51 N
51 57 N
60 39 N
29 27 N
79 52 N
72 95 N
60 31 N
4 51 N
7 88 N
57 61 N
22 15 N
53 61 N
0 61 N
32 95 Y
16 74 N
27 36 N
54 81 N
14 32 Y
10 42 N
33 64 Y
36 63 Y
96 53 N
93 87 N
2 64 N
1 8 N
62 1 Y
4 77 N
16 66 Y
44 46 Y
62 88 N
40 1 Y
17 31 N
42 39 N
7 84 N
22 46 N
75 62 Y
46 87 N
60 62 N
82 88 N
77 89 N
93 58 N
24 70 N
54 6 N
8 44 N
73 46 Y
14 72 N
78 69 N
68 10 N
20 15 N
10 17 Y
9 28 N
45 20 N
28 66 N
58 92 N
65 88 N
78 30 N
19 79 N
29 39 Y
34 70 N
83 4 N
24 97 N
38 64 Y
38 50 Y
44 32 N
98 14 N
60 39 N
68 20 N
19 80 N
57 54 N
66 0 N
99 95 N
2 67 N
56 10 N
67 95 N
8 4 Y
22 66 Y
98 20 N
6 82 N
71 63 N
17 59 N
98 43 Y
65 22 N
42 41 Y
44 87 N
95 70 N
41 21 Y
52 38 N
25 82 Y
99 64 Y
73 48 N
31 55 N
44 48 N
17 95 N
39 57 N
96 50 N
24 66 N
36 58 Y
7 17 N
94 33 N
1 83 N
94 34 Y
18 81 N
28 70 N
5 58 N
59 91 N
15 46 N
46 57 N
56 6 N
0 32 N
96 68 N
70 3 Y
6 37 N
19 53 N
47 72 N
8 5 Y
18 90 N
78 20 Y
76 6 N
7 3 N
69 10 Y
13 27 N
33 51 N
0 53 N
90 59 N
35 40 N
83 2 N
17 55 N
6 9 N
51 61 N
91 21 Y
84 68 N
3 1 N
34 60 N
88 95 N
46 7 N
19 51 N
72 52 N
21 23 N
33 51 N
61 13 N
48 43 Y
25 14 N
62 65 N
89 77 N
69 2 Y
47 27 Y
57 65 N
92 24 N
8 48 N
64 38 Y
43 56 N
43 92 N
55 11 Y
59 76 N
4 51 N
51 46 N
41 24 N
19 0 N
37 40 N
5 45 N
16 43 N
41 91 Y
12 88 N
82 95 N
10 31 N
47 65 N
1 93 N
7 66 N
71 99 N
33 72 N
61 42 N
88 92 N
80 25 N
31 61 N
90 95 N
83 31 N
27 16 N
8 11 N
62 58 N
41 80 Y
85 14 N
49 27 N
1 18 N
46 82 Y
78 7 N
2 8 N
11 57 N
12 52 N
63 0 Y
84 64 N
80 15 N
49 47 N
11 94 N
51 75 N
29 3 N
49 6 N
30 29 N
69 74 N
40 30 N
45 2 N
87 78 N
68 57 N
49 81 N
26 48 N
48 93 N
56 24 N
91 84 N
36 92 N
74 99 N
4 19 N
91 69 N
23 36 N
66 55 N
14 72 N
89 53 N
34 16 N
92 34 N
29 67 Y
28 24 Y
79 41 N
49 30 N
2 66 N
73 57 N
6 49 N
52 59 N
77 6 N
78 10 N
14 36 N
94 72 N
51 76 N
93 51 Y
30 43 Y
80 25 N
62 37 N
60 46 N
6 54 N
73 81 N
76 15 N
17 60 N
67 14 N
25 82 Y
7 85 Y
54 31 N
51 85 N
82 19 N
92 28 N
10 71 Y
0 4 N
94 80 N
25 37 N
83 91 N
82 78 N
47 26 N
22 20 Y
13 83 N
73 80 N
61 22 N
9 44 Y
69 78 N
74 78 N
38 89 N
49 9 N
81 58 Y
62 38 Y
78 28 N
67 50 Y
32 37 N
15 41 N
1 27 N
23 88 N
92 82 N
21 43 N
18 94 N
69 47 Y
50 47 N
74 16 N
75 81 N
30 40 N
84 8 N
39 99 Y
51 74 Y
2 39 N
62 99 Y
84 51 N
24 47 N
83 38 N
28 82 N
19 76 N
98 14 N
57 28 N
31 71 N
9 57 N
80 32 N
60 34 N
81 27 N
10 91 N
76 23 Y
58 87 N
85 67 N
56 40 N
93 40 N
15 32 Y
92 38 N
95 89 N
18 38 N
13 23 N
27 79 N
94 11 N
27 17 Y
7 62 N
10 22 N
44 66 N
12 44 N
64 10 N
77 9 N
26 1 N
90 8 N
29 78 N
86 66 N
10 68 N
64 25 Y
32 60 N
1 38 Y
58 69 N
46 59 N
31 61 N
47 51 N
84 96 N
88 19 N
62 72 N
92 39 N
60 58 N
17 22 N
62 46 Y
22 23 N
29 28 N
39 89 N
50 45 N
57 15 N
14 44 N
22 86 N
95 77 N
58 35 Y
76 26 N
30 50 N
72 22 N
57 10 Y
31 97 Y
59 3 Y
9 70 N
17 3 N
73 34 N
0 18 N
40 59 N
39 18 N
83 51 N
50 4 N
79 55 N
6 1 N
18 86 Y
54 56 N
26 17 N
33 34 N
15 90 N
39 22 N
43 49 N
26 83 Y
23 19 N
98 13 Y
41 63 Y
36 17 N
6 17 Y
67 10 N
24 62 N
37 8 N
17 16 N
31 89 N
22 13 N
83 17 N
22 73 N
69 58 N
12 67 N
42 99 N
76 74 N
61 64 N
5 79 N
76 99 Y
85 64 N
6 43 N
22 96 N
87 10 N
31 60 N
31 89 N
71 23 N
7 95 N
34 76 N
96 92 N
29 35 N
55 94 N
71 96 N
86 0 N
74 66 N
1 78 N
85 60 N
82 71 N
68 90 N
6 91 N
10 94 N
17 69 Y
25 32 N
65 20 N
4 11 N
59 57 N
66 84 N
47 19 N
0 93 N
83 1 N
11 40 N
30 43 Y
41 49 N
29 7 N
97 32 N
23 50 Y
20 68 N
92 39 N
9 4 N
74 46 N
54 33 N
70 97 N
79 82 Y
41 65 Y
68 69 N
5 37 N
91 29 N
54 31 N
11 92 N
91 93 N
31 8 Y
45 42 Y
73 44 Y
8 16 Y
53 29 N
53 80 N
2 19 N
52 90 N
30 20 N
24 73 N
54 87 N
71 75 N
6 94 N
6 49 N
43 78 N
89 4 N
4 73 N
6 43 N
76 72 N
15 43 N
95 31 N
54 65 N
37 2 N
30 52 Y
81 70 N
43 12 N
1 47 N
44 22 N
33 77 N
38 64 Y
2 54 N
5 90 N
9 29 Y
21 23 N
22 84 N
77 67 N
46 3 N
28 82 N
33 73 Y
46 88 N
65 25 N
89 29 N
57 39 N
43 78 N
25 36 N
19 90 N
6 54 N
25 71 N
63 88 N
3 97 N
81 3 N
88 33 N
72 66 N
32 24 Y
2 81 N
34 43 N
75 86 N
28 36 N
29 35 N
10 17 Y
68 7 N
24 29 N
27 28 N
29 85 N
25 50 Y
7 6 N
87 84 Y
38 49 N
31 7 N
4 13 N
25 29 Y
98 15 N
47 38 N
29 40 Y
83 28 N
18 55 N
98 57 N
30 39 N
13 36 N
42 22 N
76 87 N
36 75 N
12 88 N
81 43 N
76 59 N
30 77 N
14 58 N
53 7 N
34 75 N
40 54 N
87 31 N
54 74 N
93 65 N
13 1 N
35 57 N
64 32 N
29 67 Y
12 93 N
23 13 N
88 10 N
59 55 Y
28 61 N
52 69 N
50 72 N
4 19 N
6 48 N
54 93 N
65 5 N
87 17 N
18 31 N
55 42 N
14 83 N
80 20 N
19 85 N
41 28 N
46 98 N
69 2 Y
79 51 N
99 56 N
1 80 N
42 49 N
78 46 N
88 68 N
87 49 N
87 8 N
49 85 N
67 10 N
72 15 N
83 91 N
64 48 N
53 25 N
68 0 N
75 79 Y
16 77 N
33 28 N
29 58 N
17 70 N
8 0 N
27 23 N
70 86 N
45 2 N
87 86 N
2 80 N
95 53 Y
15 92 N
8 80 N
86 74 N
36 31 N
93 19 N
64 98 N
16 73 N
26 29 N
20 41 N
26 9 N
64 59 N
22 13 N
14 90 N
97 59 N
93 39 N
11 56 N
87 37 N
76 28 N
91 52 N
54 71 N
54 35 N
19 59 N
20 60 N
91 49 N
94 99 N
79 68 N
94 85 N
31 35 N
87 47 N
71 96 N
45 8 N
1 0 N
96 85 Y
6 13 N
14 86 N
99 4 N
3 40 N
38 16 N
87 60 Y
46 79 Y
25 9 Y
20 80 N
82 18 N
77 63 N
63 2 N
56 1 N
22 31 Y
29 36 N
69 6 Y
81 56 N
18 8 N
1 25 Y
13 72 N
66 31 Y
42 48 N
19 29 N
62 5 N
76 25 Y
33 28 N
42 28 N
39 65 N
51 68 Y
99 8 N
73 60 N
63 41 Y
35 7 Y
86 73 N
24 49 N
29 79 Y
22 98 N
47 46 N
86 53 N
61 89 N
57 41 N
48 70 N
95 17 N
96 79 N
32 79 N
31 94 N
60 84 Y
12 50 N
25 4 N
25 88 N
96 48 N
58 33 N
4 29 N
66 10 N
13 24 N
7 89 Y
77 13 N
6 9 N
32 68 Y
40 51 N
33 10 N
88 81 N
83 31 N
16 90 N
30 23 N
10 19 N
59 4 N
19 40 N
25 8 N
85 55 N
55 97 N
51 90 N
51 62 N
97 82 N
39 25 Y
69 90 N
89 2 N
8 35 N
48 70 N
18 29 N
58 39 N
23 66 N
39 88 N
43 93 N
87 95 N
67 58 N
33 6 N
25 30 N
23 43 N
17 87 N
49 41 N
97 11 N
43 53 N
1 15 N
98 91 N
90 85 N
23 88 N
47 83 N
5 15 N
74 45 N
54 12 N
20 47 N
44 34 N
75 5 N
74 5 N
92 60 N
99 73 Y
75 35 N
37 38 N
8 33 N
19 47 N
17 44 N
8 70 N
69 32 N
93 29 N
46 4 N
72 82 N
37 67 N
45 81 Y
68 53 Y
80 6 N
19 7 N
60 15 N
78 23 N
5 13 N
90 4 N
95 41 N
45 81 Y
64 55 N
43 60 N
98 14 N
5 34 N
14 24 Y
24 74 Y
85 48 N
64 26 N
22 65 N
29 16 N
1 22 N
35 9 N
69 97 N
98 47 N
7 37 Y
68 70 N
44 82 Y
39 24 N
25 45 N
68 77 N
96 88 N
39 69 N
55 15 N
88 36 N
56 5 Y
60 86 N
79 61 N
13 58 N
77 45 N
65 99 N
16 44 N
75 66 N
13 62 N
61 91 N
43 33 N
87 23 N
28 64 N
3 51 N
75 22 N
61 46 N
9 57 N
35 8 N
82 68 N
0 78 N
6 15 N
70 27 N
16 99 N
84 12 N
81 87 N
90 79 Y
11 65 N
96 39 N
31 35 N
23 92 N
41 23 N
60 2 N
41 12 Y
7 8 N
25 45 N
50 70 N
78 29 N
65 23 N
17 71 Y
36 34 N
8 26 N
48 34 N
54 85 N
24 5 N
60 21 N
55 86 N
97 49 Y
34 90 N
68 50 N
96 31 N
78 26 N
80 57 N
1 2 N
4 69 N
22 43 N
43 23 N
93 71 N
26 42 N
0 14 N
84 11 Y
59 57 N
45 63 Y
22 29 N
2 96 N
29 31 N
57 91 N
98 24 N
77 7 N
10 39 N
86 14 N
3 51 N
76 46 Y
97 94 N
28 86 N
58 8 N
71 73 N
83 61 Y
32 90 N
69 50 N
86 52 Y
73 31 N
72 74 N
62 7 N
20 9 N
63 17 N
66 74 N
24 19 N
17 85 N
64 14 N
21 43 N
48 26 N
72 62 N
35 29 N
79 31 N
29 39 Y
79 29 Y
12 32 N
65 64 N
97 1 N
0 14 N
30 12 N
80 67 N
74 48 N
77 89 N
19 84 N
24 15 Y
64 23 Y
97 25 N
92 10 Y
99 40 Y
92 69 Y
77 51 N
90 62 Y
6 87 N
52 19 Y
21 32 N
72 63 Y
57 67 N
76 8 N
79 81 N
9 0 N
44 14 N
9 33 Y
96 8 N
24 78 N
33 64 Y
43 42 N
12 78 N
39 40 Y
2 77 N
70 67 N
55 71 N
55 3 Y
46 94 N
65 91 Y
92 72 N
95 74 Y
28 9 N
9 38 Y
15 69 N
30 53 N
76 3 N
98 63 N
61 59 Y
19 6 N
8 76 N
29 35 N
71 80 N
43 61 N
55 69 N
79 25 Y
49 11 N
83 79 N
73 7 N
83 44 N
73 42 N
11 53 N
48 83 N
88 66 N
5 35 N
25 20 N
73 57 N
37 29 N
70 17 N
35 29 N
86 40 N
33 47 N
73 49 N
35 30 N
43 89 N
31 84 N
68 91 N
82 1 Y
89 99 N
14 94 Y
79 12 N
71 96 N
19 2 N
36 73 N
16 14 N
91 96 Y
89 68 N
10 54 N
41 83 N
90 2 N
32 48 N
77 15 N
2 97 N
87 40 N
40 4 N
19 21 N
49 99 N
9 64 Y
90 7 N
52 8 N
82 22 N
48 55 N
98 61 N
81 0 Y
86 18 Y
15 96 N
45 14 N
35 72 Y
41 46 N
53 51 Y
85 25 N
27 66 N
83 36 N
13 91 N
21 18 N
39 25 Y
82 0 N
29 8 N
65 98 N
86 40 N
61 34 N
89 34 N
51 14 Y
25 50 Y
63 12 Y
85 6 N
91 60 N
16 53 N
11 39 N
59 64 N
35 85 Y
70 0 N
27 94 N
94 59 N
81 56 N
28 62 N
79 72 N
3 32 N
67 74 N
14 5 N
4 16 Y
29 79 Y
36 83 N
75 20 N
75 78 N
56 22 Y
20 94 N
15 36 N
95 34 Y
80 87 N
44 12 N
7 29 N
28 40 N
21 17 N
97 79 N
43 3 N
81 41 Y
26 3 Y
5 6 N
24 86 N
9 58 N
81 15 N
65 87 N
14 46 N
16 61 N
2 9 N
48 91 N
21 96 Y
71 40 N
55 22 N
28 34 Y
17 81 N
47 96 N
12 44 N
50 8 N
88 79 N
63 52 N
55 85 N
31 57 N
98 8 N
50 34 N
27 5 N
7 33 N
55 83 Y
11 37 N
28 20 N
13 41 N
70 79 N
33 3 N
69 66 N
6 40 N
85 1 N
25 29 Y
11 80 N
59 83 Y
72 24 N
49 42 N
52 8 N
12 91 Y
67 0 N
57 58 N
28 14 Y
68 88 N
41 24 N
18 62 N
74 37 N
57 67 N
33 3 N
63 78 N
57 83 N
43 15 N
50 88 N
70 10 N
63 69 N
30 70 N
52 73 N
79 16 N
64 34 N
31 49 Y
0 84 N
8 21 N
55 69 N
72 79 N
4 23 N
10 78 N
22 60 N
83 26 Y
84 56 N
99 33 Y
70 8 N
67 81 N
55 32 N
53 30 N
12 97 N
6 25 N
21 38 N
24 4 N
3 23 N
25 77 N
48 32 N
36 84 N
23 2 N
24 14 Y
29 9 Y
82 19 N
4 98 N
38 11 N
69 11 N
54 11 N
39 2 N
73 80 N
28 55 N
66 10 N
63 52 N
73 26 N
94 93 Y
32 78 N
8 58 N
5 62 N
99 3 N
99 71 N
43 4 N
23 4 N
20 3 N
41 95 N
74 25 N
5 78 Y
17 45 N
56 39 N
14 60 N
69 84 N
12 59 N
46 72 N
90 97 N
1 94 N
82 45 N
65 76 N
29 16 N
44 79 Y
30 62 N
6 2 Y
13 72 N
55 3 Y
11 66 N
33 43 N
22 39 N
6 57 Y
17 90 N
73 63 N
39 22 N
24 55 N
49 93 N
96 71 N
98 29 N
89 39 N
65 7 Y
13 82 N
2 23 N
33 17 N
15 18 N
17 63 N
18 99 N
82 77 N
15 41 N
59 80 N
53 77 N
32 63 N
86 6 N
86 80 N
80 35 Y
66 18 N
47 29 N
14 54 N
93 32 Y
47 67 N
39 24 N
24 23 N
93 41 N
16 55 N
97 73 N
61 0 N
18 9 N
4 90 N
93 58 N
89 37 Y
21 97 N
43 31 N
60 10 N
96 16 N
89 6 N
90 98 N
70 9 N
5 56 Y
59 57 N
85 58 Y
11 17 N
76 86 N
26 71 N
21 66 N
64 59 N
19 16 N
76 79 Y
14 40 N
35 54 N
71 11 N
82 59 N
24 86 N
10 23 N
45 61 N
81 10 N
39 0 N
23 39 Y
46 77 N
49 55 N
90 28 N
77 17 N
57 32 N
20 0 N
43 99 N
2 58 N
93 3 N
63 18 N
2 12 N
70 48 N
78 5 Y
24 62 N
96 95 N
82 77 N
77 29 N
7 0 Y
94 52 N
78 47 N
26 65 N
85 61 N
37 59 N
63 57 N
9 99 Y
44 83 N
85 0 Y
8 17 N
3 46 N
17 9 N
34 44 N
82 7 N
5 29 N
25 50 Y
97 0 N
57 20 N
68 14 Y
66 77 N
32 19 N
85 77 N
15 58 N
53 47 N
28 56 N
10 37 N
65 8 N
92 52 N
51 94 Y
61 28 N
71 45 N
25 62 Y
88 95 N
38 2 N
14 56 N
40 83 N
53 19 N
29 66 N
71 61 N
61 65 N
3 69 N
95 35 N
29 67 Y
95 17 N
7 45 Y
29 18 N
16 21 N
11 91 N
83 32 N
13 49 N
30 62 N
3 97 N
7 43 N
79 10 N
90 39 Y
29 81 N
84 85 N
90 19 N
45 29 N
48 1 N
97 55 N
7 26 N
59 67 N
21 80 Y
16 97 Y
89 82 N
4 0 N
62 57 N
77 97 N
51 86 N
83 81 N
69 0 N
81 4 N
79 28 N
82 12 N
75 26 N
42 2 N
60 10 N
93 57 N
86 48 Y
92 51 N
82 21 N
17 14 N
86 29 N
27 93 N
3 50 N
98 73 N
87 29 N
51 96 N
38 29 Y
18 62 N
81 26 N
5 25 N
95 92 N
57 32 N
5 4 Y
35 90 N
25 51 N
53 7 N
2 99 N
74 16 N
64 99 Y
73 80 N
63 80 Y
44 81 N
24 38 N
91 71 N
17 44 N
9 60 N
70 16 N
78 97 Y
84 91 N
21 37 Y
66 97 Y
78 46 N
69 30 N
37 14 N
82 24 N
91 82 N
73 65 N
28 76 N
82 6 N
57 21 N
42 34 N
93 44 N
10 69 Y
97 64 N
8 31 Y
59 9 N
69 66 N
88 87 Y
77 7 N
32 64 N
57 28 N
23 66 N
56 31 Y
78 67 N
3 23 N
99 98 N
81 19 N
83 26 Y
10 32 N
21 65 Y
74 8 N
99 1 Y
17 11 N
80 30 N
15 12 N
87 4 N
57 39 N
64 9 Y
97 96 N
90 60 N
77 26 Y
38 9 Y
89 70 N
13 94 N
23 35 N
0 66 N
41 42 Y
70 43 N
15 67 N
59 21 N
4 64 N
54 80 N
26 61 Y
61 94 N
52 2 N
5 79 N
59 52 N
34 39 N
62 8 N
48 84 N
37 71 N
71 91 N
89 32 N
92 6 Y
28 48 N
65 32 N
49 75 N
2 11 N
18 71 N
76 93 N
4 47 N
16 41 N
41 45 Y
96 1 N
68 96 N
23 99 Y
37 26 N
90 78 N
99 31 N
67 25 Y
89 63 Y
86 99 N
87 84 Y
5 6 N
88 7 N
5 94 N
98 79 N
65 23 N
17 4 N
38 77 N
79 28 N
70 40 N
99 12 N
2 7 N
86 27 N
36 20 N
84 67 N
54 11 N
17 13 N
47 66 N
1 35 N
34 62 N
42 1 N
7 30 N
33 26 N
45 67 N
30 79 N
39 70 N
56 44 N
84 97 N
1 62 Y
20 21 N
53 70 N
89 41 Y
57 71 Y
89 26 N
94 73 N
25 6 N
71 16 N
3 12 N
84 7 N
78 92 N
7 19 N
87 9 N
83 72 N
52 54 Y
2 56 N
92 71 Y
2 79 N
64 96 N
31 76 N
34 79 N
28 53 Y
90 22 N
57 98 N
10 31 N
86 49 N
50 39 Y
61 36 N
76 75 Y
18 37 N
61 44 N
55 50 N
51 91 N
58 51 N
86 26 N
88 80 N
79 2 N
29 72 N
81 8 N
88 83 Y
70 14 N
14 8 N
82 20 N
50 23 Y
83 99 N
2 15 N
49 2 N
20 72 N
59 10 N
28 1 N
60 67 N
1 12 N
19 10 N
30 31 N
5 17 N
68 42 N
47 32 N
50 65 N
16 74 N
47 83 N
53 2 N
17 71 Y
65 10 N
30 95 N
15 68 Y
72 84 N
8 88 N
22 25 N
56 53 N
36 55 N
46 58 N
93 13 N
0 38 N
1 64 Y
5 41 N
41 59 N
71 35 N
10 51 N
11 85 N
7 10 N
10 65 N
97 66 Y
81 82 N
64 63 N
74 99 N
38 54 N
34 30 N
75 44 Y
49 94 N
99 30 N
33 67 Y
56 58 N
85 36 Y
68 0 N
22 82 N
27 45 N
54 13 Y
48 94 N
18 81 N
78 83 N
92 65 N
2 43 N
7 62 N
80 69 N
47 30 N
53 66 N
39 64 Y
71 78 N
38 69 N
81 70 N
81 71 N
20 54 N
26 87 Y
27 63 N
25 91 N
27 33 N
94 26 N
65 10 N
40 75 Y
87 8 N
50 34 N
18 48 Y
0 19 N
67 74 N
57 87 N
47 16 N
55 36 N
20 23 N
75 28 N
63 55 N
2 44 N
51 74 Y
91 7 Y
41 18 N
93 71 N
81 42 Y
37 79 N
64 27 N
38 0 N
48 87 N
48 78 N
19 12 N
84 96 N
4 70 N
89 50 N
38 75 Y
21 25 N
18 65 N
51 92 N
96 9 N
27 7 N
46 40 Y
16 90 N
10 50 N
99 9 Y
38 16 N
70 19 N
55 86 N
12 48 N
19 79 N
29 98 N
75 74 N
29 58 N
9 85 N
1 8 N
41 92 N
57 14 N
24 65 N
63 10 N
2 61 N
80 79 N
40 18 N
32 52 N
30 87 N
73 23 Y
64 61 N
95 82 N
12 77 N
69 32 N
40 44 Y
74 20 N
12 61 N
41 33 N
30 78 N
67 0 N
98 32 N
82 12 N
26 48 N
73 76 Y
85 78 N
52 44 N
91 7 Y
92 91 N
82 21 N
84 16 N
37 58 Y
87 96 N
40 55 N
49 96 N
2 87 N
74 11 N
9 44 Y
92 51 N
9 93 N
41 38 N
78 67 N
80 69 N
68 42 N
62 80 N
41 53 N
38 86 N
88 68 N
67 79 Y
6 17 Y
53 62 N
32 74 Y
70 26 Y
97 64 N
13 2 N
5 93 N
38 19 N
61 57 N
8 23 N
4 44 N
95 58 N
99 92 N
9 5 N
31 54 N
69 31 N
62 48 N
30 96 N
67 85 N
46 9 Y
58 21 Y
18 70 N
86 54 Y
35 14 N
23 0 N
15 22 N
11 43 N
42 80 Y
89 73 N
47 38 N
92 67 N
19 30 Y
16 13 N
28 7 N
3 10 N
54 51 N
99 6 N
72 40 N
37 25 N
70 37 N
52 71 N
60 30 N
49 80 N
59 65 N
27 73 N
33 97 N
21 78 N
52 74 N
44 68 N
42 90 N
74 56 N
49 20 Y
40 52 N
44 84 N
90 49 N
31 13 N
95 19 N
23 52 N
87 92 N
96 42 Y
31 51 N
0 58 Y
8 31 Y
98 24 N
45 33 N
7 35 Y
56 25 N
34 30 N
52 65 N
69 60 N
55 71 N
74 71 N
0 22 N
91 75 N
17 70 N
72 35 Y
81 73 N
35 50 N
23 11 N
18 41 N
38 1 Y
1 51 N
51 22 N
33 49 N
64 32 N
40 83 N
28 95 Y
81 80 Y
74 92 N
94 74 Y
4 7 N
12 59 N
45 52 N
51 11 N
8 34 N
11 34 N
73 55 N
90 31 N
87 74 N
21 78 N
97 12 N
18 98 Y
11 71 N
52 33 N
22 18 N
61 67 N
45 40 N
64 40 Y
10 63 N
52 6 N
34 56 N
95 29 N
0 29 N
91 54 N
39 3 N
61 64 N
68 66 N
20 7 N
39 16 N
96 42 Y
70 5 N
53 58 N
8 88 N
25 94 N
29 23 Y
34 2 N
77 25 N
91 55 N
77 14 N
90 81 N
53 84 N
86 53 N
76 63 N
64 25 Y
87 45 N
29 20 N
74 21 N
72 96 Y
46 15 N
27 19 N
23 26 N
35 88 N
74 22 N
19 84 N
55 10 N
13 44 N
46 50 Y
92 29 N
58 77 N
91 45 Y
37 41 Y
44 32 N
5 75 N
20 41 N
42 44 N
26 22 N
62 1 Y
39 74 N
45 41 Y
88 14 N
30 69 N
35 26 N
2 48 N
68 2 N
41 53 N
61 42 N
3 54 N
12 20 N
42 94 N
38 52 N
90 30 N
88 6 N
5 87 N
45 67 N
19 83 N
70 26 Y
58 41 Y
43 32 N
81 63 Y
41 43 N
72 5 N
72 69 N
79 51 N
67 24 N
15 19 N
56 62 N
53 15 Y
28 2 N
63 87 N
83 27 N
36 34 N
76 86 N
84 33 N
90 19 N
27 43 N
28 92 N
48 57 N
15 19 N
70 84 Y
40 71 N
13 33 N
70 97 N
66 35 N
87 20 N
35 47 N
84 1 N
98 7 N
30 64 N
86 67 N
52 53 N
53 9 N
35 91 Y
27 3 N
56 64 N
46 31 N
61 67 N
51 19 N
95 22 N
28 56 N
1 44 Y
78 73 N
49 16 Y
1 5 N
54 76 N
78 52 N
75 2 N
82 46 Y
34 88 N
76 69 N
74 66 N
23 46 Y
82 30 N
81 89 Y
87 56 N
28 87 N
46 34 N
17 5 N
83 18 N
73 83 N
28 51 Y
67 83 N
37 18 N
37 62 N
70 30 N
79 0 N
36 50 N
83 3 Y
38 40 Y
68 28 Y
32 5 N
12 38 N
96 82 N
89 9 N
62 6 N
40 81 N
8 57 N
43 35 N
1 3 N
66 71 N
65 10 N
66 1 N
16 59 N
85 4 N
91 1 N
74 40 N
35 92 N
65 89 Y
16 80 N
81 62 N
54 33 N
65 17 N
67 86 N
44 43 N
56 28 N
18 14 N
93 6 N
82 46 Y
15 90 N
48 4 N
26 81 N
23 69 N
62 84 N
22 7 N
57 33 N
23 70 N
24 29 N
37 1 N
3 22 N
46 22 N
95 34 Y
68 37 N
22 41 N
41 90 N
59 47 N
77 91 N
73 93 N
4 3 N
89 54 N
4 0 N
84 60 Y
41 94 N
24 93 Y
97 12 N
82 42 N
3 66 N
3 85 N
74 44 N
92 62 N
77 36 N
45 35 Y
36 53 N
71 96 N
59 47 N
90 18 N
78 7 N
59 28 N
58 47 N
14 57 N
66 23 N
84 21 N
41 5 N
61 24 N
12 3 N
49 75 N
32 14 Y
26 77 Y
72 97 N
29 75 Y
40 66 N
14 17 N
79 51 N
71 96 N
86 93 N
98 91 N
11 75 N
95 46 N
25 41 N
75 54 N
24 32 Y
43 34 N
44 85 N
15 24 Y
19 75 N
92 30 N
44 92 N
46 33 Y
0 54 N
83 61 Y
57 44 N
43 91 N
91 81 Y
59 38 N
31 79 N
51 18 N
48 2 N
78 96 N
70 7 N
77 87 Y
57 83 N
18 7 N
7 41 Y
86 66 N
67 2 N
7 45 Y
87 85 N
63 55 N
36 71 N
8 51 N
7 77 N
13 19 Y
67 2 N
72 13 N
60 64 N
14 20 N
91 28 N
91 75 N
55 71 N
44 20 N
54 21 N
90 65 N
86 75 N
14 3 N
61 27 N
71 56 N
4 7 N
4 37 N
47 10 Y
37 89 Y
76 37 N
22 82 N
50 23 Y
68 86 N
52 77 N
37 0 Y
78 33 N
37 23 N
55 44 N
93 88 N
83 27 N
3 31 N
29 71 N
18 46 N
25 79 Y
68 69 N
90 55 N
32 18 N
95 50 N
59 65 N
57 21 N
18 27 N
29 28 N
93 98 N
91 7 Y
99 8 N
50 31 N
63 44 N
40 93 N
87 44 N
89 3 N
26 61 Y
78 73 N
0 59 N
36 98 N
4 98 N
56 7 N
53 72 N
41 51 N
22 31 Y
90 87 N
20 70 N
26 29 N
24 63 N
65 22 N
71 52 N
45 28 N
61 1 N
40 37 N
33 77 N
97 33 N
38 47 N
99 84 N
31 89 N
80 18 N
81 60 N
84 33 N
57 33 N
24 8 N
59 81 N
95 16 N
33 86 N
25 22 N
91 6 N
91 26 N
60 6 N
69 46 N
87 26 Y
5 75 N
40 43 N
37 19 N
79 78 N
67 19 N
69 16 N
27 58 N
81 78 N
34 44 N
7 88 N
97 69 N
6 34 N
50 90 Y
9 80 N
91 95 N
95 38 N
3 96 N
63 65 Y
47 14 N
88 87 Y
82 74 N
10 45 N
79 64 Y
39 82 Y
24 65 N
37 29 N
22 50 N
38 0 N
1 40 Y
55 3 Y
88 72 N
2 96 N
74 25 N
96 63 Y
19 69 N
32 51 Y
96 36 Y
57 55 N
3 79 N
82 99 Y
86 71 N
5 46 N
63 18 N
89 30 N
31 91 N
70 62 N
29 25 Y
75 70 N
38 55 N
60 65 N
19 48 Y
17 75 N
60 6 N
67 17 N
98 68 N
79 1 Y
46 63 N
53 65 N
80 33 N
57 35 N
95 16 N
73 37 N
99 54 N
20 69 N
78 53 N
11 6 N
57 18 N
8 76 N
60 82 N
84 27 N
36 40 N
8 41 N
5 88 N
20 49 Y
32 73 N
7 86 N
53 67 N
42 65 Y
69 21 N
58 13 N
6 47 Y
52 70 N
6 64 N
75 14 N
36 26 N
40 39 Y
76 33 Y
67 90 Y
25 23 Y
83 55 Y
3 38 N
69 80 N
50 5 N
73 15 N
62 97 N
10 9 N
94 4 N
58 90 N
14 5 N
22 2 N
85 19 N
44 12 N
95 88 N
69 8 N
97 11 N
79 52 N
18 58 N
93 34 Y
98 29 N
24 22 N
37 29 N
54 56 N
30 47 N
78 92 N
87 12 N
13 24 N
96 87 N
3 4 N
10 81 N
8 40 N
60 73 N
29 20 N
87 19 N
24 32 Y
88 79 N
83 61 Y
96 98 N
5 82 N
55 15 N
31 32 N
1 10 N
26 12 N
64 21 N
47 40 N
56 12 N
93 42 N
70 84 Y
54 93 N
3 73 N
24 23 N
27 2 Y
99 30 N
22 27 N
76 81 N
62 44 Y
50 54 N
68 18 N
51 3 N
18 69 N
28 58 N
81 84 N
18 72 N
64 76 Y
77 44 N
28 7 N
19 5 N
52 7 N
17 91 N
81 80 Y
26 0 N
13 6 N
17 14 N
73 81 N
27 65 N
32 78 N
60 83 Y
55 12 N
87 17 N
19 28 N
96 93 N
6 25 N
7 2 N
4 41 N
81 95 N
47 20 N
6 61 N
93 17 N
36 6 N
12 77 N
91 92 N
20 16 Y
80 65 Y
79 38 Y
30 51 N
58 91 Y
67 85 N
34 77 N
54 32 N
4 51 N
43 74 N
34 28 Y
80 57 N
48 32 N
97 13 N
13 34 N
8 81 N
21 92 N
94 58 N
91 86 N
11 19 N
60 87 Y
19 38 N
90 45 N
56 58 N
26 72 N
36 42 Y
91 62 N
24 58 N
21 8 N
1 91 N
56 90 N
33 73 Y
10 11 N
29 38 Y
84 4 N
60 45 N
86 75 N
87 76 N
32 59 N
31 10 N
70 9 N
33 20 N
46 51 N
40 31 N
4 55 N
67 52 N
42 82 N
1 94 N
0 44 N
24 22 N
24 4 N
40 0 N
91 52 N
50 92 N
95 79 N
24 37 N
12 53 N
19 10 N
65 0 Y
32 68 Y
20 45 N
96 80 Y
96 26 N
1 21 N
1 38 Y
22 25 N
64 51 N
32 71 N
60 95 N
14 25 N
52 42 N
54 6 N
50 36 N
71 75 N
37 41 Y
39 7 N
38 43 N
62 23 Y
72 52 N
46 97 N
33 62 Y
97 2 N
2 59 N
36 64 N
92 63 N
52 18 Y
82 68 N
8 41 N
6 69 Y
6 62 N
6 96 N
5 78 Y
46 80 N
13 43 Y
29 95 N
6 68 N
21 45 Y
83 42 N
93 71 N
54 99 N
62 17 N
42 76 N
38 81 N
73 90 Y
18 50 N
78 62 N
59 89 N
83 4 N
38 84 N
43 26 N
5 9 N
18 49 N
47 97 N
73 6 N
66 65 N
32 53 Y
27 38 N
90 34 N
40 36 N
5 14 N
98 31 N
37 80 Y
40 48 N
72 1 N
58 26 N
76 77 N
60 41 N
19 27 N
0 20 N
51 28 Y
60 89 N
10 3 N
83 34 N
39 83 N
81 41 Y
1 21 N
72 63 Y
33 84 N
8 40 N
78 12 N
52 58 N
93 99 N
41 57 N
68 6 N
39 95 N
26 42 N
24 21 N
55 86 N
50 12 N
30 75 N
95 8 N
68 27 N
53 87 N
93 82 N
24 11 N
2 29 N
76 71 N
25 83 N
23 70 N
74 78 N
60 36 N
72 53 N
94 15 Y
34 84 N
73 8 N
77 15 N
31 54 N
84 12 N
22 95 N
55 18 N
11 19 N
21 27 N
72 1 N
48 83 N
21 89 Y
22 91 N
80 22 N
62 33 Y
53 67 N
85 66 N
72 16 N
87 35 N
70 15 N
37 16 N
47 56 N
8 29 N
71 30 N
93 45 N
89 38 N
65 4 N
46 22 N
79 2 N
89 34 N
82 10 N
57 78 N
70 3 Y
21 83 N
80 83 N
7 74 N
9 24 N
28 36 N
95 66 N
66 57 N
62 64 Y
8 94 N
76 3 N
93 1 N
29 32 N
24 66 N
72 99 N
77 25 N
70 72 N
42 96 Y
79 94 N
36 49 N
72 5 N
73 42 N
8 63 N
37 77 N
30 6 N
74 25 N
28 94 Y
71 11 N
34 87 N
61 85 N
43 8 N
1 39 Y
44 3 N
86 7 N
6 1 N
43 57 N
61 71 N
73 38 Y
39 6 N
17 12 N
11 24 N
85 53 N
55 19 N
7 38 N
58 35 Y
21 93 N
25 60 N
89 74 N
84 8 N
6 49 N
15 55 N
56 87 N
76 8 N
44 82 Y
7 45 Y
16 69 N
52 18 Y
46 7 N
59 27 N
95 63 N
42 36 Y
26 67 N
71 64 N
90 79 Y
78 68 N
55 83 Y
57 86 N
96 92 N
11 40 N
37 87 N
92 8 N
11 38 N
63 42 Y
24 56 N
84 6 N
95 43 N
46 33 Y
74 51 Y
66 50 N
90 4 N
79 86 N
4 62 N
7 38 N
79 20 N
72 0 Y
17 37 N
50 49 N
92 80 N
19 5 N
36 25 N
59 90 N
65 2 N
82 65 N
1 52 N
45 97 N
4 38 N
86 81 N
73 9 Y
13 49 N
60 79 N
65 24 N
48 12 N
23 3 N
53 20 N
28 56 N
14 49 N
91 23 N
14 36 N
39 78 N
25 3 N
23 24 N
71 77 N
29 65 N
50 30 N
87 0 N
45 20 N
53 23 N
89 39 N
67 99 Y
93 11 N
31 18 N
59 85 N
36 31 N
43 39 N
10 95 N
65 1 N
6 43 N
52 58 N
21 68 N
8 53 N
82 7 N
47 54 N
71 96 N
34 25 N
80 86 N
94 48 N
40 96 N
55 30 N
69 41 N
97 24 N
40 41 N
23 63 N
31 43 N
67 3 N
8 85 N
6 31 N
66 44 N
51 99 N
78 33 N
30 5 N
54 71 N
0 68 N
61 16 N
57 83 N
63 90 N
74 38 N
44 96 N
67 27 N
16 76 N
94 8 N
48 17 N
25 51 N
66 57 N
48 67 N
53 42 N
4 29 N
14 6 N
60 26 Y
20 38 N
98 10 N
33 16 N
24 3 N
56 34 N
76 6 N
33 65 N
39 44 Y
67 34 N
29 99 Y
95 44 N
35 58 Y
62 66 N
44 69 N
20 10 N
11 86 N
58 96 Y
82 76 Y
4 39 N
79 77 N
22 73 N
25 24 N
19 94 N
57 59 N
1 4 N
1 24 N
45 97 N
76 17 N
65 76 N
91 94 N
37 21 Y
76 38 Y
19 65 N
6 36 N
37 17 N
55 31 N
51 27 N
75 87 N
16 92 N
6 30 N
89 49 N
91 28 N
43 12 N
24 65 N
77 53 N
4 3 N
90 28 N
84 2 N
77 73 N
80 45 Y
21 18 N
77 9 N
96 67 N
14 83 N
64 67 Y
81 79 N
40 4 N
71 44 N
37 11 N
57 61 N
30 89 N
29 14 N
9 0 N
34 1 N
14 50 N
34 9 N
82 19 N
19 92 N
63 54 N
23 44 Y
70 30 N
80 22 N
8 53 N
34 3 N
4 50 N
3 7 N
7 68 N
16 10 N
27 83 N
67 98 N
92 15 N
76 91 N
68 55 N
12 51 N
91 15 N
77 40 N
12 81 Y
17 3 N
14 63 N
66 16 Y
61 36 N
53 88 N
34 4 N
33 32 N
87 58 N
36 19 N
52 67 N
9 32 N
47 60 N
25 76 Y
74 81 N
3 95 N
90 88 N
4 6 N
49 83 N
74 50 N
8 68 N
16 11 N
39 27 N
38 35 N
44 19 N
62 31 N
52 58 N
13 81 N
54 65 N
50 60 N
82 8 N
94 15 Y
54 94 N
99 14 N
25 52 N
31 34 N
37 11 N
2 85 N
67 58 N
39 90 Y
69 66 N
89 33 N
47 1 N
99 83 N
15 75 N
81 42 Y
11 28 N
49 54 N
23 96 N
36 53 N
89 26 N
74 68 Y
15 63 N
91 93 N
48 90 N
67 74 N
52 33 N
76 27 N
99 89 N
79 41 N
82 50 Y
78 24 N
85 54 N
91 94 N
46 0 N
91 1 N
55 29 N
50 41 N
66 64 N
61 75 N
19 59 N
69 33 N
48 99 N
89 79 N
20 34 N
45 68 N
2 32 N
98 42 N
76 46 Y
28 56 N
46 73 Y
24 9 N
55 73 N
35 12 Y
53 62 N
52 12 N
82 45 N
33 70 N
54 43 Y
16 96 N
3 30 N
82 79 Y
60 25 N
43 26 N
88 44 N
9 53 N
15 17 N
2 19 N
7 91 Y
6 56 N
86 54 Y
42 1 N
14 11 N
41 2 N
92 80 N
5 99 N
17 35 N
35 93 N
84 80 N
33 7 N
68 62 N
61 31 N
21 7 Y
66 6 N
81 48 N
43 58 N
29 64 Y
39 24 N
71 14 N
35 70 N
75 9 Y
68 61 N
55 49 N
53 21 N
24 83 N
61 99 N
74 19 N
96 20 N
32 10 N
51 16 N
97 5 Y
36 31 N
28 30 N
9 25 Y
89 3 N
26 96 N
6 83 N
17 40 N
92 29 N
12 48 N
73 3 N
34 22 N
26 9 N
48 13 Y
4 13 N
14 97 N
40 17 N
5 91 N
57 79 N
96 49 N
16 14 N
24 22 N
63 28 N
70 56 N
85 64 N
76 8 N
15 0 N
45 8 N
74 17 N
92 47 Y
45 74 N
64 96 N
33 42 N
15 9 N
27 31 N
21 70 N
46 85 N
51 0 N
45 0 Y
87 27 N
89 94 N
51 76 N
6 91 N
56 14 N
46 14 N
7 53 N
30 60 N
11 0 N
99 13 N
75 53 N
43 95 N
78 21 N
31 79 N
58 54 N
36 34 N
22 88 N
32 82 N
68 42 N
57 68 N
95 77 N
38 35 N
30 14 N
39 70 N
50 70 N
91 98 N
8 70 N
8 99 N
87 70 Y
79 77 N
76 51 N
62 66 N
12 39 N
47 11 N
13 87 N
21 16 N
0 59 N
28 10 N
96 42 Y
95 70 N
90 6 N
7 27 N
61 18 N
85 82 N
85 45 Y
98 8 N
24 88 N
96 83 N
99 26 N
20 62 N
15 16 N
23 89 N
23 60 N
94 83 N
97 50 N
75 62 Y
55 30 N
64 48 N
29 75 Y
26 55 Y
96 64 N
34 0 N
85 69 N
68 17 N
3 7 N
88 57 N
49 34 N
70 56 N
72 92 N
99 28 N
5 17 N
18 55 N
25 41 N
31 22 Y
64 87 N
95 80 N
69 53 N
10 46 N
63 72 Y
51 15 Y
92 51 N
40 77 N
10 25 N
19 91 N
64 63 N
55 22 N
51 75 N
85 93 N
27 97 N
66 33 N
43 97 N
49 41 N
6 61 N
94 42 N
11 6 N
53 31 N
3 55 Y
99 12 N
47 31 N
97 40 N
48 41 N
69 43 N
14 45 N
85 99 N
78 32 N
16 85 N
60 33 N
0 95 N
96 31 N
83 60 Y
52 11 N
78 29 N
13 74 N
36 88 N
26 53 N
30 56 N
83 72 N
91 75 N
77 86 N
75 9 Y
5 60 N
7 22 N
93 57 N
80 52 N
61 50 N
81 59 N
99 64 Y
14 25 N
65 40 N
72 24 N
24 84 N
65 68 N
27 72 N
90 33 Y
79 41 N
13 98 Y
57 37 N
83 19 N
92 62 N
82 38 Y
24 42 N
12 27 N
81 94 N
99 76 Y
46 84 N
2 26 N
90 99 Y
19 55 N
28 76 N
96 99 N
97 86 N
41 50 N
65 16 N
28 12 N
80 88 N
51 30 N
92 30 N
48 81 N
67 62 Y
35 65 Y
73 45 N
50 77 N
75 54 N
12 71 N
41 63 Y
37 84 N
9 61 N
12 41 Y
82 8 N
37 4 N
52 32 N
30 18 Y
50 69 N
94 98 N
69 47 Y
67 7 N
19 17 N
83 1 N
15 75 N
49 27 N
20 11 N
85 97 N
76 31 N
89 53 N
78 61 N
76 55 N
48 64 N
93 2 N
29 9 Y
43 25 N
81 62 N
23 2 N
88 16 N
81 67 N
43 28 N
80 47 N
90 15 N
54 53 N
62 6 N
1 84 N
81 97 N
58 6 N
13 4 N
73 44 Y
44 78 N
76 49 N
19 44 N
55 7 N
89 29 N
16 97 Y
76 82 Y
41 96 Y
1 56 N
94 42 N
31 7 N
79 21 N
41 81 Y
9 31 N
29 6 N
84 52 N
95 66 N
6 29 N
65 82 N
10 48 N
78 67 N
59 13 N
47 30 N
16 11 N
19 95 N
59 14 N
41 44 N
76 68 N
5 96 N
50 5 N
76 68 N
95 67 N
39 56 N
84 31 N
82 39 Y
73 18 N
78 34 N
1 57 N
95 61 N
19 54 Y
69 29 N
73 25 Y
52 57 N
37 31 N
9 68 N
25 66 N
55 99 N
66 43 N
5 7 N
69 82 N
92 38 N
23 28 N
21 61 N
87 26 Y
15 40 N
20 9 N
74 95 Y
9 57 N
30 68 N
44 61 N
14 61 N
69 35 N
74 75 N
79 19 N
72 22 N
7 9 N
99 59 N
11 23 N
68 20 N
6 81 N
84 82 N
85 38 N
65 88 N
22 42 N
2 25 N
50 51 N
3 86 N
12 87 N
43 82 N
88 51 N
20 44 N
50 32 N
74 87 N
20 92 N
53 10 N
20 99 N
93 27 N
30 5 N
94 1 N
76 48 N
99 26 N
18 73 N
28 59 N
12 19 N
6 16 N
97 91 N
67 4 N
30 93 N
10 82 N
55 93 N
73 27 N
72 16 N
3 34 N
58 11 N
21 64 N
95 83 N
11 39 N
80 81 Y
86 55 N
14 95 Y
69 83 N
19 69 N
25 48 N
19 43 Y
68 90 N
97 63 N
90 27 N
11 71 N
53 8 N
77 81 N
71 54 N
32 1 N
71 57 Y
85 49 N
56 12 N
58 44 N
67 45 N
96 11 N
30 75 N
53 18 N
53 46 N
38 21 N
65 22 N
52 46 N
42 23 N
56 29 N
29 62 Y
85 82 N
64 25 Y
88 73 N
94 34 Y
73 87 N
15 30 N
74 44 N
27 25 N
87 70 Y
4 74 N
35 0 Y
37 95 N
42 6 N
40 93 N
49 41 N
54 15 N
80 12 Y
2 71 Y
37 9 N
29 61 N
71 20 N
86 73 N
64 1 Y
19 90 N
53 78 N
74 26 N
96 40 N
46 83 N
80 74 N
93 32 Y
16 26 N
49 53 N
97 35 N
66 83 N
0 31 N
91 73 N
65 59 N
52 67 N
55 60 Y
84 47 N
98 82 N
99 7 N
52 97 N
13 73 N
2 97 N
26 85 N
8 52 N
84 16 N
27 4 N
12 71 N
10 68 N
84 25 N
16 86 N
64 57 N
39 82 Y
97 5 Y
98 10 N
87 62 N
33 52 N
41 14 N
99 42 N
23 70 N
68 59 N
79 58 N
24 81 N
79 18 N
79 73 Y
10 6 Y
8 15 N
96 84 N
40 65 N
62 17 N
34 79 N
75 5 N
4 8 Y
29 90 Y
88 27 N
19 4 N
37 8 N
17 93 N
30 65 N
38 74 N
54 70 N
87 35 N
81 62 N
95 99 N
10 32 N
2 29 N
62 66 N
84 13 N
86 93 N
72 61 N
95 83 N
33 28 N
5 43 N
27 21 N
12 39 N
95 69 N
25 85 N
45 24 N
56 82 N
3 27 N
0 25 N
93 6 N
3 13 N
52 92 N
35 15 N
44 43 N
48 31 N
98 39 N
7 45 Y
2 38 N
18 70 N
87 94 N
5 60 N
81 62 N
71 70 N
35 45 Y
34 1 N
31 1 N
30 13 Y
58 94 N
86 60 N
2 43 N
86 52 Y
68 32 Y
18 67 N
38 55 N
24 5 N
48 9 N
10 12 N
86 48 Y
69 23 N
95 53 Y
63 86 N
75 81 N
86 33 N
39 64 Y
61 62 N
19 4 N
78 20 Y
70 15 N
3 2 N
48 20 N
83 92 N
65 3 N
87 72 N
28 49 N
10 4 N
65 46 N
3 4 N
69 30 N
66 47 N
16 76 N
49 58 N
65 73 N
14 42 N
71 24 N
49 33 N
98 91 N
21 43 N
79 94 N
61 30 N
30 36 N
69 46 N
29 75 Y
60 74 N
73 94 N
39 6 N
45 58 Y
87 81 N
26 94 N
29 38 Y
74 77 N
59 35 N
1 32 N
92 37 N
4 59 N
15 87 N
81 92 N
93 61 N
28 30 N
25 13 N
93 80 N
57 80 N
81 16 N
31 79 N
70 86 N
41 20 N
8 57 N
49 57 N
82 41 N
52 42 N
78 81 N
6 46 N
63 89 Y
67 57 N
82 31 N
76 32 N
94 61 N
62 40 Y
87 80 N
4 82 N
6 82 N
1 59 N
41 34 N
88 47 N
1 76 Y
80 12 Y
97 46 N
85 46 N
37 9 N
50 84 N
23 80 N
34 51 Y
24 42 N
94 83 N
47 38 N
50 27 N
84 94 N
24 9 N
97 37 N
11 79 N
94 45 N
52 92 N
22 93 N
7 23 N
62 47 N
19 58 N
73 22 N
93 32 Y
38 25 Y
11 56 N
36 88 N
41 85 Y
84 89 N
19 80 N
33 62 Y
79 68 N
14 32 Y
10 90 N
24 98 N
30 98 Y
15 85 N
20 83 N
30 16 N
23 63 N
90 55 N
48 40 N
39 21 N
88 58 N
0 72 Y
23 46 Y
48 95 N
66 88 N
5 21 N
80 7 Y
92 2 Y
49 93 N
86 39 N
68 34 Y
98 20 N
48 60 N
28 0 N
43 42 N
70 59 Y
39 71 N
84 60 Y
59 30 N
31 36 N
65 13 N
6 44 N
19 6 N
86 72 N
17 36 N
57 81 N
3 16 N
18 3 N
77 94 N
36 84 N
16 79 N
92 93 N
76 46 Y
67 29 Y
49 3 N
82 12 N
57 64 N
6 17 Y
74 82 N
22 45 N
84 49 N
3 33 N
20 12 N
21 52 N
46 51 N
80 38 N
26 98 N
61 48 N
89 91 Y
51 20 N
6 54 N
20 88 N
66 63 N
62 57 N
58 25 N
36 27 N
66 22 Y
15 2 N
66 44 N
70 63 N
92 75 N
83 15 N
99 16 N
51 82 N
5 6 N
8 23 N
1 52 N
76 5 N
92 28 N
57 93 N
77 73 N
20 97 Y
96 86 N
61 55 Y
74 37 N
79 15 N
44 64 Y
44 35 N
98 11 N
65 11 N
5 99 N
69 19 N
13 26 N
44 3 N
19 73 N
91 14 N
79 44 Y
71 28 N
20 82 N
38 48 N
41 69 N
0 81 Y
76 23 Y
99 65 N
73 25 Y
70 89 N
40 99 Y
84 91 N
38 61 N
52 70 N
19 1 N
84 87 Y
22 94 N
96 89 Y
81 27 N
19 27 N
2 58 N
18 42 N
88 7 N
80 51 N
47 98 N
60 29 N
11 37 N
15 28 Y
69 13 N
53 55 N
93 23 N
77 56 N
29 0 N
37 27 N
70 66 N
27 38 N
25 57 N
43 69 N
0 5 N
4 86 N
22 47 N
42 4 N
74 27 N
85 46 N
5 42 N
75 64 Y
90 95 N
63 38 N
29 15 N
78 37 N
85 44 N
96 2 N
4 30 N
39 43 N
56 98 N
57 50 N
96 47 N
54 4 N
42 48 N
72 69 N
74 82 N
35 68 N
85 68 N
99 45 N
51 27 N
21 6 N
18 37 N
80 6 N
98 62 N
28 97 N
58 65 Y
85 83 N
88 28 N
61 58 N
57 8 N
74 40 N
59 54 N
21 37 Y
80 60 N
66 41 N
44 81 N
83 9 N
27 28 N
30 78 N
76 45 N
73 50 Y
37 95 N
71 65 N
22 64 N
46 26 N
46 5 N
28 40 N
76 52 N
16 2 N
36 38 N
13 91 N
55 76 N
75 0 N
1 78 N
29 14 N
85 95 N
62 29 Y
36 32 N
91 76 N
12 98 N
17 68 N
68 79 N
54 63 N
20 71 N
50 51 N
72 29 N
40 30 N
30 29 N
22 88 N
96 2 N
15 41 N
82 71 N
90 71 N
90 84 N
74 71 N
69 17 Y
4 76 N
46 47 N
26 39 N
14 65 N
94 31 N
34 1 N
3 16 N
89 11 N
54 11 N
12 2 N
50 72 N
44 72 N
50 92 N
74 58 N
54 46 N
28 42 N
34 27 N
46 83 N
83 0 N
34 68 Y
56 29 N
46 2 N
3 50 N
57 81 N
91 9 N
72 7 Y
54 12 N
33 71 N
14 47 N
36 74 N
69 67 N
85 42 Y
21 90 N
24 4 N
76 8 N
16 66 Y
10 17 Y
39 84 N
26 38 N
22 88 N
87 22 N
46 84 N
1 20 N
46 95 N
79 10 N
61 45 N
0 89 Y
2 14 N
96 7 Y
1 98 N
67 48 N
7 84 N
1 4 N
80 14 N
0 63 Y
13 12 N
76 30 N
7 74 N
7 67 N
52 23 N
45 38 N
6 44 N
21 32 N
46 76 Y
80 44 N
52 21 N
26 80 N
59 21 N
49 42 N
87 5 N
51 27 N
13 65 N
21 20 N
51 23 N
71 16 N
24 89 N
74 97 N
5 68 N
42 66 N
53 36 N
81 15 N
58 72 Y
31 34 N
89 55 N
31 0 N
15 72 N
73 51 N
2 35 N
23 56 N
43 75 N
83 41 N
38 2 N
0 70 N
85 56 N
40 55 N
53 15 Y
49 81 N
89 63 Y
64 72 N
26 69 N
65 74 N
2 85 N
58 88 N
67 59 N
36 4 N
37 42 Y
46 31 N
84 39 N
70 45 N
7 73 N
80 5 N
37 1 N
30 8 N
87 58 N
84 3 Y
30 52 Y
57 16 N
89 27 N
72 36 Y
75 47 N
42 90 N
58 7 Y
87 85 N
82 49 N
43 57 N
82 14 N
7 35 Y
40 22 N
4 70 N
76 70 N
80 1 N
49 99 N
45 78 N
5 23 N
62 64 Y
1 43 N
85 74 N
21 18 N
71 32 N
75 39 Y
12 47 N
73 35 N
14 25 N
59 2 N
91 41 Y
96 21 Y
96 54 N
35 87 N
21 67 N
92 51 N
92 26 N
24 41 N
28 50 N
53 27 N
42 97 N
27 32 N
39 94 N
54 58 N
88 32 N
77 54 N
19 58 N
32 13 N
23 25 Y
8 34 N
33 25 Y
3 47 N
25 89 N
24 10 N
63 87 N
48 38 N
61 26 Y
23 84 N
48 86 Y
48 36 N
10 95 N
98 81 N
7 56 N
57 92 Y
57 31 N
59 65 N
31 91 N
62 22 N
14 58 N
94 60 N
90 4 N
24 48 N
32 29 N
91 89 Y
16 29 N
4 84 N
25 13 N
8 36 N
91 64 N
46 16 N
54 3 N
76 45 N
10 24 N
65 79 N
37 2 N
67 35 N
39 45 N
42 4 N
74 55 N
50 44 Y
67 41 N
62 37 N
78 99 N
67 90 Y
26 86 N
47 27 Y
93 23 N
46 88 N
62 54 N
60 63 N
61 65 N
21 20 N
75 25 Y
0 69 N
53 80 N
16 33 N
66 46 N
2 76 N
33 12 N
95 45 N
34 15 Y
94 35 N
14 31 N
79 37 N
58 80 Y
68 51 Y
47 88 N
85 97 N
27 39 N
73 76 Y
98 19 Y
7 84 N
84 70 Y
73 0 N
40 9 Y
64 59 N
26 41 N
77 72 N
70 37 N
36 67 N
52 59 N
19 7 N
60 58 N
3 30 N
34 41 N
6 76 N
12 3 N
43 6 N
32 92 N
89 70 N
13 93 N
84 60 Y
22 99 N
57 2 Y
56 28 N
56 89 N
18 87 N
42 35 Y
87 56 N
96 2 N
18 32 N
67 45 N
48 8 N
88 93 N
13 78 N
90 66 N
7 20 N
42 15 N
95 9 N
41 86 N
54 97 N
94 20 N
50 82 Y
98 90 N
49 62 N
92 13 N
11 38 N
95 37 N
10 70 N
65 12 Y
52 41 N
95 46 N
94 97 N
33 74 N
50 97 N
93 43 N
57 55 N
31 4 Y
63 21 Y
67 77 N
80 68 N
7 15 N
93 76 N
28 62 N
15 27 N
48 17 N
16 46 N
76 14 N
83 25 N
90 30 N
16 15 N
47 56 N
14 42 N
62 0 N
63 37 Y
26 18 N
75 60 N
21 15 N
99 59 N
48 37 N
55 29 N
30 79 N
47 43 N
51 22 N
1 16 N
72 26 N
33 30 N
0 83 N
96 6 N
68 83 N
47 76 N
51 74 Y
65 79 N
47 37 N
17 13 N
81 2 N
88 92 N
69 36 N
56 29 N
32 76 N
15 27 N
54 9 N
27 89 N
1 59 N
24 54 N
30 70 N
3 86 N
53 87 N
4 51 N
55 64 N
78 24 N
86 67 N
92 53 N
47 65 N
0 3 N
37 3 N
3 56 N
41 69 N
78 23 N
99 5 N
19 65 N
47 57 Y
45 89 Y
37 69 N
87 57 N
72 28 N
63 66 N
85 36 Y
91 16 N
56 19 N
33 50 Y
72 34 N
11 96 N
1 36 N
54 6 N
77 50 N
26 3 Y
1 11 N
10 11 N
16 27 N
39 44 Y
53 34 Y
18 63 N
3 14 N
39 89 N
74 32 Y
89 80 Y
23 80 N
38 69 N
33 43 N
97 14 N
8 47 N
71 20 N
50 64 Y
63 33 N
57 30 N
92 40 N
35 98 N
9 74 N
50 31 N
14 25 N
10 63 N
88 9 N
5 92 N
12 83 N
0 60 N
92 44 N
17 87 N
0 29 N
46 79 Y
20 23 N
52 21 N
92 40 N
69 39 N
56 94 N
61 18 N
83 2 N
11 54 N
74 13 N
82 25 Y
10 92 Y
0 7 Y
38 86 N
82 72 N
69 97 N
19 40 N
33 70 N
93 2 N
57 35 N
61 91 N
75 82 Y
80 85 Y
30 61 N
76 10 N
37 11 N
12 61 N
52 9 N
79 67 Y
46 87 N
58 49 N
63 74 N
95 33 N
72 47 N
33 43 N
53 79 N
51 49 N
55 69 N
98 70 N
1 52 N
34 76 N
50 76 Y
57 69 Y
84 44 N
70 3 Y
67 90 Y
35 79 N
41 14 N
12 59 N
99 75 Y
19 34 N
25 80 N
49 13 N
13 22 N
14 50 N
86 92 N
59 3 Y
75 23 Y
80 48 N
25 67 Y
18 80 N
43 37 N
68 33 N
81 25 N
65 69 N
25 48 N
76 43 N
95 1 N
96 58 Y
39 61 N
79 1 Y
3 32 N
9 40 Y
37 18 N
38 6 N
74 49 N
54 92 N
13 14 N
64 27 N
34 61 N
34 39 N
89 42 Y
81 63 Y
12 39 N
91 16 N
50 72 N
81 11 N
31 64 N
5 89 N
27 4 N
37 98 N
85 39 N
95 44 N
26 65 N
63 54 N
41 43 N
6 52 N
2 35 N
19 96 N
5 54 N
31 39 N
21 75 N
44 37 N
79 60 N
20 71 N
53 40 N
14 92 N
80 29 N
66 57 N
87 52 N
49 73 N
97 72 N
4 21 N
29 75 Y
18 14 N
40 67 Y
42 83 N
29 46 Y
13 37 N
44 37 N
58 0 Y
56 21 N
74 29 N
61 33 N
23 20 N
58 5 N
98 39 N
36 52 N
40 55 N
91 1 N
89 96 Y
7 94 N
97 51 N
52 55 N
6 63 N
96 15 N
45 56 N
17 31 N
54 53 N
70 19 N
23 30 N
97 30 N
92 72 N
52 96 N
86 29 N
50 19 N
96 25 N
51 7 N
97 75 N
98 48 Y
18 79 N
22 81 N
39 10 N
65 26 N
35 65 Y
63 3 N
55 13 N
14 37 N
80 35 Y
50 90 Y
43 37 N
84 59 Y
25 7 N
62 88 N
58 12 Y
62 61 N
90 1 Y
22 26 N
56 93 N
13 97 N
70 90 N
54 51 N
22 57 N
31 27 N
91 95 N
95 83 N
88 74 N
25 2 N
95 35 N
67 33 Y
62 96 N
3 31 N
52 76 N
71 90 N
88 62 N
81 10 N
34 50 N
15 76 N
9 53 N
87 2 N
72 51 N
41 30 N
19 80 N
32 77 N
37 97 N
61 8 N
44 81 N
51 37 N
7 0 Y
18 20 N
88 55 Y
85 5 N
95 43 N
50 7 N
28 8 N
12 62 N
8 51 N
6 12 N
94 38 N
21 53 N
90 17 N
22 0 N
47 95 N
34 10 N
19 99 N
79 80 N
15 71 N
45 54 N
47 28 N
93 23 N
20 23 N
99 77 N
83 81 N
15 20 N
3 31 N
15 51 Y
12 11 N
12 74 N
6 85 N
61 30 N
84 49 N
