28 34 Y
20 38 Y
6 34 Y
18 23 N
36 23 Y
28 25 Y
33 45 Y
5 15 Y
24 5 N
25 26 Y
26 44 N
31 26 Y
12 46 N
17 26 Y
47 30 Y
41 22 N
26 46 Y
44 48 N
3 48 N
17 23 Y
46 21 N
1 17 Y
42 43 N
39 30 N
41 38 N
19 24 N
30 38 N
26 35 Y
27 14 N
45 39 N
27 10 N
47 16 N
30 5 N
40 5 Y
45 1 Y
0 4 Y
34 8 Y
7 14 N
16 22 Y
32 49 N
24 15 N
1 36 Y
14 24 Y
46 4 N
32 35 Y
26 18 N
1 27 N
16 31 N
35 1 Y
37 22 Y
45 36 Y
6 12 N
15 23 N
31 3 N
2 25 N
8 10 Y
19 8 N
27 16 Y
40 16 Y
28 6 Y
0 4 Y
49 35 N
19 18 Y
12 26 N
6 18 N
3 5 Y
44 0 Y
8 48 Y
32 2 N
34 15 N
42 15 Y
26 47 Y
43 5 N
44 0 Y
21 16 Y
38 6 N
2 15 Y
36 37 N
41 14 Y
31 3 N
9 14 N
32 43 Y
31 27 N
3 5 Y
3 2 Y
24 25 Y
29 21 N
39 4 Y
42 11 Y
21 17 N
27 44 Y
37 44 Y
10 39 N
12 15 Y
9 28 N
3 17 N
7 22 Y
24 20 N
21 46 N
9 22 Y
14 17 Y
3 10 N
5 47 N
42 27 Y
31 14 Y
9 39 Y
0 38 Y
36 24 Y
27 43 N
43 26 Y
2 22 Y
20 34 N
46 12 N
34 19 N
45 17 Y
13 12 Y
24 28 Y
11 41 N
38 40 Y
44 41 N
4 8 N
33 21 N
13 48 N
24 8 Y
34 1 Y
36 15 N
21 19 Y
11 14 N
9 4 Y
30 36 Y
0 20 Y
40 31 N
31 2 N
47 21 N
2 19 Y
49 43 N
3 20 Y
20 4 Y
45 40 N
16 29 N
43 28 Y
28 32 Y
44 1 N
46 22 N
4 35 N
12 33 N
3 4 Y
36 7 N
48 11 N
16 44 Y
24 0 N
27 41 N
16 27 Y
12 43 N
45 41 Y
18 14 N
26 0 N
33 11 N
13 7 Y
49 2 Y
16 14 N
30 9 N
7 11 Y
39 23 N
1 42 N
15 29 N
4 16 Y
13 2 Y
20 44 Y
4 8 N
44 23 N
17 27 N
8 29 Y
14 32 Y
42 1 N
24 38 N
31 28 Y
17 30 Y
10 40 N
27 46 N
5 49 Y
3 40 Y
4 42 Y
36 12 N
45 19 N
13 6 N
30 38 N
26 30 Y
15 8 N
19 49 Y
32 43 Y
40 46 N
16 8 N
33 24 Y
42 40 Y
10 32 Y
14 5 N
30 23 Y
16 49 Y
18 30 N
10 16 N
41 0 N
19 28 N
34 12 N
32 34 Y
33 16 N
26 24 Y
39 37 Y
48 7 N
48 47 Y
44 21 Y
3 6 N
32 9 N
21 31 N
40 41 N
10 31 Y
40 33 N
38 47 N
35 39 N
36 15 N
14 5 N
24 6 Y
49 38 Y
10 19 N
30 9 N
49 36 N
34 39 N
28 16 N
16 0 Y
48 41 Y
30 32 Y
25 28 Y
2 18 Y
41 44 N
42 25 N
42 48 N
49 46 N
18 8 N
30 14 Y
37 45 N
19 11 Y
47 9 N
13 28 N
23 32 Y
10 25 Y
49 20 Y
17 10 Y
47 33 Y
47 6 Y
48 18 N
7 3 Y
18 32 N
33 34 Y
0 35 N
11 35 N
46 14 Y
32 40 N
29 31 Y
44 47 N
3 19 Y
27 42 Y
10 12 N
17 44 N
1 32 Y
49 36 N
13 19 Y
42 39 Y
14 26 Y
49 21 Y
17 13 N
31 49 N
10 47 Y
9 30 N
41 49 N
11 7 Y
21 36 N
19 29 N
39 5 Y
49 32 N
19 4 Y
10 48 Y
6 24 Y
24 33 Y
48 3 N
2 26 N
9 2 Y
32 0 N
13 42 Y
14 33 Y
25 23 Y
45 16 N
26 49 N
28 3 N
32 25 Y
2 11 Y
35 6 Y
35 11 N
7 40 Y
9 0 Y
45 31 Y
7 3 Y
19 49 Y
22 8 N
20 34 N
7 43 N
1 12 N
39 45 N
40 35 N
3 13 Y
38 41 N
0 47 N
28 44 N
9 35 N
31 37 N
41 26 Y
24 33 Y
48 40 N
20 31 N
38 40 Y
7 35 N
11 34 N
28 22 N
30 31 Y
36 2 N
45 23 Y
3 9 Y
13 10 N
4 7 Y
18 46 N
23 1 Y
42 8 N
46 41 Y
32 28 Y
16 38 Y
37 39 Y
15 38 Y
25 10 Y
23 27 N
38 13 Y
14 29 Y
9 25 N
0 36 N
30 16 N
47 41 Y
27 35 N
14 12 N
47 32 Y
26 39 N
30 23 Y
32 39 N
41 32 Y
11 12 Y
44 15 Y
30 9 N
39 15 Y
44 31 N
21 0 Y
27 28 N
5 10 N
49 22 Y
37 42 Y
32 7 N
18 34 N
32 15 N
9 8 N
1 6 Y
2 26 N
6 31 Y
13 9 Y
2 8 N
43 41 Y
13 21 Y
17 11 N
27 47 N
25 19 N
33 22 N
11 38 Y
46 8 Y
14 6 Y
42 33 N
43 2 N
24 27 N
5 16 Y
15 37 Y
0 4 Y
48 7 N
24 40 N
26 42 N
13 41 N
9 31 N
44 0 Y
27 44 Y
49 18 Y
4 12 Y
1 41 Y
1 32 Y
12 31 N
33 48 Y
11 41 N
3 45 N
23 10 Y
6 20 N
13 4 Y
24 3 N
8 36 Y
5 17 N
47 28 Y
36 42 N
22 14 N
40 24 N
22 36 N
1 44 N
12 30 N
43 33 Y
9 1 N
19 28 N
44 19 Y
43 7 N
13 45 N
39 19 Y
33 32 Y
2 11 Y
10 45 Y
9 21 Y
42 19 Y
42 37 Y
41 23 Y
0 13 Y
30 28 Y
47 8 Y
15 17 N
7 13 Y
21 6 N
7 11 Y
45 25 Y
7 44 Y
27 41 N
35 45 Y
33 49 N
8 13 N
43 1 Y
37 11 Y
3 14 N
32 43 Y
1 32 Y
2 45 N
32 31 Y
9 10 N
43 46 Y
46 14 Y
41 6 Y
8 10 Y
42 47 N
3 4 Y
37 16 Y
13 5 Y
25 23 Y
9 38 Y
27 25 N
18 36 N
29 25 Y
39 8 N
19 23 N
14 2 N
24 1 Y
34 16 N
36 12 N
42 32 N
0 4 Y
1 5 N
4 12 Y
33 4 N
4 28 N
7 24 N
35 21 N
29 13 N
14 35 Y
46 27 N
9 22 Y
48 20 N
35 2 N
46 14 Y
5 10 N
48 49 N
22 31 N
36 9 N
36 2 N
8 18 N
19 47 N
20 2 Y
2 30 N
26 46 Y
30 46 Y
32 26 Y
37 35 N
14 34 Y
32 25 Y
14 36 Y
17 20 N
1 34 Y
18 31 N
48 29 Y
36 3 N
14 11 N
42 5 Y
14 33 Y
25 45 Y
47 24 Y
36 48 Y
12 43 N
15 45 N
23 40 N
10 48 Y
5 25 N
5 9 Y
2 7 Y
12 18 Y
20 12 Y
47 31 Y
38 41 N
29 40 N
4 29 N
27 8 N
13 36 N
32 12 N
40 13 Y
34 32 Y
34 33 Y
31 14 Y
10 21 N
16 46 N
1 7 N
35 8 Y
42 28 N
17 40 N
21 8 N
37 43 N
33 11 N
35 14 Y
44 18 Y
27 6 N
8 20 N
23 35 Y
35 46 Y
22 10 N
25 28 Y
22 37 Y
25 20 N
47 30 Y
49 8 N
29 26 Y
3 13 Y
42 12 Y
24 31 Y
38 46 N
2 9 Y
19 10 N
13 27 Y
39 12 Y
10 32 Y
18 36 N
29 7 N
0 16 Y
8 45 Y
48 45 Y
4 32 N
45 36 Y
16 8 N
3 15 Y
18 40 Y
19 31 N
39 23 N
20 38 Y
39 22 Y
34 16 N
31 43 Y
12 13 Y
36 17 Y
40 39 Y
35 30 Y
25 29 Y
32 17 Y
49 29 N
44 20 Y
36 43 Y
6 13 N
10 25 Y
1 7 N
28 19 N
22 49 Y
16 29 N
48 37 N
3 6 N
6 11 N
27 16 Y
25 11 N
14 32 Y
17 47 Y
41 32 Y
31 21 N
20 36 N
16 19 Y
31 27 N
25 49 N
20 6 N
19 38 Y
19 17 N
36 47 Y
22 29 N
24 45 Y
45 12 N
38 43 N
43 4 N
13 25 N
21 41 N
8 15 N
29 38 N
32 26 Y
44 13 Y
13 20 Y
45 39 N
22 33 N
19 6 N
16 7 Y
22 17 N
8 23 Y
37 41 N
6 26 Y
3 6 N
45 36 Y
30 37 N
6 12 N
41 23 Y
47 39 N
18 0 Y
48 45 Y
7 37 Y
26 47 Y
16 37 Y
45 2 N
41 20 N
5 8 N
19 7 Y
2 38 Y
36 14 Y
18 23 N
0 10 N
48 27 N
16 41 N
4 11 Y
41 31 Y
32 48 Y
10 32 Y
3 7 Y
46 32 Y
26 23 Y
47 1 Y
25 27 N
25 40 N
21 44 Y
45 15 N
19 24 N
11 14 N
16 3 Y
32 16 N
48 32 Y
43 13 N
38 43 N
20 48 N
14 32 Y
32 35 Y
35 23 Y
45 31 Y
0 32 N
40 0 Y
49 36 N
45 7 N
9 5 Y
22 14 N
3 35 N
15 35 N
28 6 Y
2 18 Y
1 33 Y
16 25 N
23 7 N
37 46 N
44 18 Y
20 31 N
12 20 Y
16 4 Y
41 14 Y
37 27 Y
0 42 Y
25 47 Y
25 39 N
13 41 N
26 24 Y
18 9 Y
41 23 Y
1 34 Y
10 29 Y
30 8 Y
32 6 Y
18 33 N
13 41 N
39 8 N
39 42 Y
36 8 Y
42 27 Y
34 47 Y
3 30 N
24 40 N
15 18 Y
49 36 N
44 26 N
49 45 N
33 38 N
45 49 N
34 45 Y
7 15 Y
33 27 N
45 29 Y
25 31 Y
46 29 Y
2 20 Y
15 13 Y
7 23 N
5 20 Y
20 38 Y
18 22 Y
0 8 N
41 25 Y
35 4 N
14 9 N
14 44 N
32 36 Y
25 13 N
43 32 Y
38 40 Y
8 34 Y
46 49 N
25 43 Y
35 20 N
37 8 N
25 43 Y
41 16 N
13 40 Y
10 39 N
3 24 N
26 12 N
31 39 N
0 21 Y
31 19 N
16 41 N
28 18 N
16 2 Y
48 2 N
48 25 Y
1 24 Y
33 15 N
28 39 N
1 6 Y
39 15 Y
25 7 N
28 29 Y
28 20 N
36 47 Y
36 37 N
46 26 Y
7 45 N
33 15 N
16 27 Y
37 49 Y
18 47 N
10 48 Y
21 31 N
30 19 N
12 29 N
20 26 N
36 17 Y
32 24 Y
38 20 Y
7 17 N
13 43 N
8 16 N
29 16 N
18 11 Y
14 10 Y
41 16 N
1 5 N
26 10 Y
37 19 Y
4 24 N
41 45 Y
24 3 N
20 24 N
10 24 Y
33 39 N
8 9 N
6 30 Y
1 24 Y
10 21 N
22 34 N
32 37 N
18 12 Y
18 35 N
8 43 Y
29 41 Y
43 14 Y
47 1 Y
31 49 N
41 44 N
33 39 N
29 26 Y
25 0 N
22 7 Y
29 23 Y
2 37 Y
0 29 N
33 41 Y
5 6 N
17 33 Y
39 5 Y
10 27 N
19 32 N
29 17 Y
41 37 N
40 22 Y
13 5 Y
16 19 Y
29 5 N
26 21 N
42 25 N
18 46 N
10 23 Y
28 33 Y
32 11 N
23 26 Y
13 31 N
12 45 N
47 18 N
43 40 N
3 37 Y
17 42 N
4 1 N
13 10 N
18 0 Y
12 43 N
10 28 Y
40 39 Y
20 29 N
1 18 N
39 14 N
7 39 Y
45 23 Y
46 10 Y
41 37 N
27 25 N
49 46 N
32 34 Y
8 14 Y
32 14 Y
19 26 N
44 13 Y
46 37 N
11 23 N
8 1 Y
28 15 N
35 5 N
7 46 N
44 39 Y
44 41 N
23 45 Y
21 38 Y
47 6 Y
25 23 Y
1 27 N
15 4 Y
2 30 N
8 31 Y
34 42 N
13 41 N
43 17 Y
22 23 N
10 0 N
39 15 Y
48 19 N
40 47 N
20 33 N
18 33 N
21 9 Y
46 7 N
30 9 N
18 11 Y
34 5 N
9 32 N
1 37 N
39 6 N
25 0 N
14 36 Y
30 44 N
36 14 Y
37 3 Y
12 46 N
43 25 Y
30 12 N
14 26 Y
16 7 Y
28 34 Y
23 36 Y
33 18 N
35 47 Y
22 25 N
39 15 Y
34 22 N
9 29 N
12 38 Y
28 42 N
13 18 Y
21 12 Y
6 18 N
14 4 N
26 43 Y
36 28 Y
25 11 N
9 4 Y
3 9 Y
10 37 N
17 31 Y
28 32 Y
19 0 Y
42 19 Y
20 15 Y
5 28 N
25 33 Y
43 14 Y
41 25 Y
38 44 Y
9 32 N
41 6 Y
11 15 Y
10 40 N
26 5 N
26 7 N
21 37 Y
47 34 Y
25 29 Y
9 23 N
7 24 N
6 37 N
11 5 Y
37 29 N
46 41 Y
11 16 Y
30 22 N
14 11 N
5 32 N
4 9 Y
9 23 N
31 4 N
7 22 Y
3 35 N
34 32 Y
35 42 N
47 28 Y
15 40 Y
21 0 Y
10 28 Y
9 47 N
31 35 Y
30 41 Y
31 18 N
25 5 N
29 31 Y
26 41 Y
5 39 Y
21 20 Y
35 4 N
33 30 Y
38 22 Y
18 32 N
29 37 N
36 16 N
35 4 N
43 34 Y
13 6 N
25 29 Y
45 46 Y
24 40 N
24 9 N
7 5 Y
4 30 N
17 25 Y
12 21 Y
0 16 Y
46 45 Y
10 0 N
42 25 N
5 10 N
11 44 Y
0 40 Y
3 38 Y
32 31 Y
37 11 Y
24 2 N
12 25 N
8 42 N
0 23 N
34 47 Y
39 13 Y
44 21 Y
35 33 Y
1 32 Y
27 49 Y
38 4 Y
11 16 Y
3 19 Y
25 9 N
17 27 N
5 22 Y
21 23 N
9 0 Y
18 4 Y
16 7 Y
47 39 N
46 16 N
37 36 N
28 27 N
10 5 N
14 7 N
20 36 N
6 30 Y
14 25 Y
33 2 N
37 43 N
21 5 Y
13 34 N
33 43 Y
0 19 Y
20 23 N
45 38 N
15 37 Y
14 33 Y
30 47 Y
31 14 Y
21 34 N
26 32 Y
9 26 N
19 2 Y
2 5 Y
16 2 Y
34 6 Y
39 16 Y
27 12 Y
38 28 N
42 33 N
35 0 N
48 21 N
1 15 N
13 49 Y
19 25 N
25 19 N
8 11 N
14 27 N
43 16 N
48 2 N
43 46 Y
35 40 N
28 5 N
41 23 Y
46 49 N
39 16 Y
22 15 Y
10 42 N
13 27 Y
9 29 N
18 24 N
45 28 Y
39 42 Y
13 36 N
42 4 Y
30 20 N
39 44 Y
17 42 N
2 20 Y
7 20 Y
33 6 Y
1 0 N
8 48 Y
18 10 N
39 18 Y
4 2 Y
5 17 N
14 17 Y
4 47 N
4 6 N
44 48 N
4 31 N
43 15 N
35 20 N
14 35 Y
7 14 N
18 47 N
47 40 N
20 46 N
29 6 Y
11 40 Y
40 3 Y
32 9 N
27 28 N
17 44 N
32 31 Y
6 4 N
5 49 Y
25 42 N
43 47 Y
32 31 Y
0 20 Y
9 6 N
13 10 N
23 4 N
0 49 Y
14 17 Y
38 27 Y
32 12 N
32 28 Y
35 45 Y
47 42 N
13 30 N
28 3 N
19 49 Y
41 37 N
49 19 Y
7 19 Y
